2023-01-03 17:51:45.337 DEBUG [main] [org.testng.log4testng.Logger.debug(Logger.java:82)] - suiteXmlPath: "D:\eclipse-workspace\GeneralOne\testng.xml"
2023-01-03 17:51:45.770 DEBUG [main] [org.testng.log4testng.Logger.debug(Logger.java:82)] - [Graph] ADDING NODE TC001.setup()[pri:0, instance:null] 1510644743
2023-01-03 17:51:45.771 DEBUG [main] [org.testng.log4testng.Logger.debug(Logger.java:82)] - [Graph] ADDING NODE TC001.reportname()[pri:0, instance:null] 799323209
2023-01-03 17:51:45.771 DEBUG [main] [org.testng.log4testng.Logger.debug(Logger.java:82)] - [Graph] ================ SORTING
2023-01-03 17:51:45.776 DEBUG [main] [org.testng.log4testng.Logger.debug(Logger.java:82)] - [Graph] =============== DONE SORTING
2023-01-03 17:51:45.776 DEBUG [main] [org.testng.log4testng.Logger.debug(Logger.java:82)] - [Graph] ====== SORTED NODES
2023-01-03 17:51:45.777 DEBUG [main] [org.testng.log4testng.Logger.debug(Logger.java:82)] - [Graph] ====== END SORTED NODES
2023-01-03 17:51:45.786 DEBUG [main] [org.testng.log4testng.Logger.debug(Logger.java:82)] - [Graph] ADDING NODE TC001.setup()[pri:0, instance:null] 1510644743
2023-01-03 17:51:45.787 DEBUG [main] [org.testng.log4testng.Logger.debug(Logger.java:82)] - [Graph] ADDING NODE TC001.reportname()[pri:0, instance:null] 799323209
2023-01-03 17:51:45.787 DEBUG [main] [org.testng.log4testng.Logger.debug(Logger.java:82)] - [Graph] ================ SORTING
2023-01-03 17:51:45.787 DEBUG [main] [org.testng.log4testng.Logger.debug(Logger.java:82)] - [Graph] =============== DONE SORTING
2023-01-03 17:51:45.788 DEBUG [main] [org.testng.log4testng.Logger.debug(Logger.java:82)] - [Graph] ====== SORTED NODES
2023-01-03 17:51:45.788 DEBUG [main] [org.testng.log4testng.Logger.debug(Logger.java:82)] - [Graph] ====== END SORTED NODES
2023-01-03 17:51:45.793 DEBUG [main] [org.testng.log4testng.Logger.debug(Logger.java:82)] - [Graph] ADDING NODE TC002.logtest2()[pri:0, instance:Regression.TC002@4efcf8a] -1809862655
2023-01-03 17:51:45.794 DEBUG [main] [org.testng.log4testng.Logger.debug(Logger.java:82)] - [Graph] ADDING NODE TC002.logtest3()[pri:0, instance:Regression.TC002@4efcf8a] -1809862624
2023-01-03 17:51:45.794 DEBUG [main] [org.testng.log4testng.Logger.debug(Logger.java:82)] - [Graph] ADDING NODE TC002.logtest4()[pri:0, instance:Regression.TC002@4efcf8a] -1809862717
2023-01-03 17:51:45.794 DEBUG [main] [org.testng.log4testng.Logger.debug(Logger.java:82)] - [Graph] ADDING NODE TC002.logtest()[pri:0, instance:Regression.TC002@4efcf8a] -665954549
2023-01-03 17:51:45.795 DEBUG [main] [org.testng.log4testng.Logger.debug(Logger.java:82)] - [Graph] ADDING NODE TestXpath.main1()[pri:0, instance:Regression.TestXpath@7db534f2] -2115451571
2023-01-03 17:51:45.795 DEBUG [main] [org.testng.log4testng.Logger.debug(Logger.java:82)] - [Graph] ================ SORTING
2023-01-03 17:51:45.795 DEBUG [main] [org.testng.log4testng.Logger.debug(Logger.java:82)] - [Graph] =============== DONE SORTING
2023-01-03 17:51:45.796 DEBUG [main] [org.testng.log4testng.Logger.debug(Logger.java:82)] - [Graph] ====== SORTED NODES
2023-01-03 17:51:45.796 DEBUG [main] [org.testng.log4testng.Logger.debug(Logger.java:82)] - [Graph] ====== END SORTED NODES
2023-01-03 17:51:46.085 DEBUG [main] [Regression.TC002.logtest(TC002.java:13)] - Log of First method
2023-01-03 17:51:46.516 DEBUG [main] [Regression.TC002.logtest2(TC002.java:23)] - Log of Second method
2023-01-03 17:51:46.542 DEBUG [main] [Regression.TC002.logtest3(TC002.java:34)] - Log of Third method
2023-01-03 17:51:46.556 DEBUG [main] [Regression.TC002.logtest4(TC002.java:45)] - Log of Four method
2023-01-03 17:51:47.967 DEBUG [main] [io.netty.util.internal.logging.InternalLoggerFactory.useSlf4JLoggerFactory(InternalLoggerFactory.java:63)] - Using SLF4J as the default logging framework
2023-01-03 17:51:47.975 DEBUG [main] [io.netty.util.ResourceLeakDetector.<clinit>(ResourceLeakDetector.java:129)] - -Dio.netty.leakDetection.level: simple
2023-01-03 17:51:47.975 DEBUG [main] [io.netty.util.ResourceLeakDetector.<clinit>(ResourceLeakDetector.java:130)] - -Dio.netty.leakDetection.targetRecords: 4
2023-01-03 17:51:47.982 DEBUG [main] [io.netty.util.ResourceLeakDetectorFactory$DefaultResourceLeakDetectorFactory.newResourceLeakDetector(ResourceLeakDetectorFactory.java:196)] - Loaded default ResourceLeakDetector: io.netty.util.ResourceLeakDetector@acdcf71
2023-01-03 17:51:48.000 DEBUG [main] [io.netty.util.internal.PlatformDependent0.explicitNoUnsafeCause0(PlatformDependent0.java:496)] - -Dio.netty.noUnsafe: false
2023-01-03 17:51:48.000 DEBUG [main] [io.netty.util.internal.PlatformDependent0.javaVersion0(PlatformDependent0.java:1000)] - Java version: 17
2023-01-03 17:51:48.001 DEBUG [main] [io.netty.util.internal.PlatformDependent0.<clinit>(PlatformDependent0.java:137)] - sun.misc.Unsafe.theUnsafe: available
2023-01-03 17:51:48.002 DEBUG [main] [io.netty.util.internal.PlatformDependent0.<clinit>(PlatformDependent0.java:161)] - sun.misc.Unsafe.copyMemory: available
2023-01-03 17:51:48.003 DEBUG [main] [io.netty.util.internal.PlatformDependent0.<clinit>(PlatformDependent0.java:193)] - sun.misc.Unsafe.storeFence: available
2023-01-03 17:51:48.003 DEBUG [main] [io.netty.util.internal.PlatformDependent0.<clinit>(PlatformDependent0.java:236)] - java.nio.Buffer.address: available
2023-01-03 17:51:48.004 DEBUG [main] [io.netty.util.internal.PlatformDependent0.<clinit>(PlatformDependent0.java:320)] - direct buffer constructor: unavailable: Reflective setAccessible(true) disabled
2023-01-03 17:51:48.005 DEBUG [main] [io.netty.util.internal.PlatformDependent0.<clinit>(PlatformDependent0.java:385)] - java.nio.Bits.unaligned: available, true
2023-01-03 17:51:48.006 DEBUG [main] [io.netty.util.internal.PlatformDependent0.<clinit>(PlatformDependent0.java:452)] - jdk.internal.misc.Unsafe.allocateUninitializedArray(int): unavailable: class io.netty.util.internal.PlatformDependent0$7 cannot access class jdk.internal.misc.Unsafe (in module java.base) because module java.base does not export jdk.internal.misc to unnamed module @57cf54e1
2023-01-03 17:51:48.007 DEBUG [main] [io.netty.util.internal.PlatformDependent0.<clinit>(PlatformDependent0.java:482)] - java.nio.DirectByteBuffer.<init>(long, int): unavailable
2023-01-03 17:51:48.007 DEBUG [main] [io.netty.util.internal.PlatformDependent.unsafeUnavailabilityCause0(PlatformDependent.java:1159)] - sun.misc.Unsafe: available
2023-01-03 17:51:48.008 DEBUG [main] [io.netty.util.internal.PlatformDependent.estimateMaxDirectMemory(PlatformDependent.java:1270)] - maxDirectMemory: 2126512128 bytes (maybe)
2023-01-03 17:51:48.008 DEBUG [main] [io.netty.util.internal.PlatformDependent.tmpdir0(PlatformDependent.java:1289)] - -Dio.netty.tmpdir: C:\Users\mahesh.yr\AppData\Local\Temp (java.io.tmpdir)
2023-01-03 17:51:48.008 DEBUG [main] [io.netty.util.internal.PlatformDependent.bitMode0(PlatformDependent.java:1368)] - -Dio.netty.bitMode: 64 (sun.arch.data.model)
2023-01-03 17:51:48.009 DEBUG [main] [io.netty.util.internal.PlatformDependent.isWindows0(PlatformDependent.java:1119)] - Platform: Windows
2023-01-03 17:51:48.009 DEBUG [main] [io.netty.util.internal.PlatformDependent.<clinit>(PlatformDependent.java:178)] - -Dio.netty.maxDirectMemory: -1 bytes
2023-01-03 17:51:48.010 DEBUG [main] [io.netty.util.internal.PlatformDependent.<clinit>(PlatformDependent.java:185)] - -Dio.netty.uninitializedArrayAllocationThreshold: -1
2023-01-03 17:51:48.011 DEBUG [main] [io.netty.util.internal.CleanerJava9.<clinit>(CleanerJava9.java:71)] - java.nio.ByteBuffer.cleaner(): available
2023-01-03 17:51:48.011 DEBUG [main] [io.netty.util.internal.PlatformDependent.<clinit>(PlatformDependent.java:205)] - -Dio.netty.noPreferDirect: false
2023-01-03 17:51:48.018 DEBUG [main] [io.netty.util.internal.PlatformDependent$Mpsc.<clinit>(PlatformDependent.java:1010)] - org.jctools-core.MpscChunkedArrayQueue: available
2023-01-03 17:51:48.034 DEBUG [main] [io.netty.util.internal.InternalThreadLocalMap.<clinit>(InternalThreadLocalMap.java:86)] - -Dio.netty.threadLocalMap.stringBuilder.initialSize: 1024
2023-01-03 17:51:48.034 DEBUG [main] [io.netty.util.internal.InternalThreadLocalMap.<clinit>(InternalThreadLocalMap.java:89)] - -Dio.netty.threadLocalMap.stringBuilder.maxSize: 4096
2023-01-03 17:51:48.221 DEBUG [main] [io.netty.handler.ssl.JdkSslContext.<clinit>(JdkSslContext.java:83)] - Default protocols (JDK): [TLSv1.3, TLSv1.2] 
2023-01-03 17:51:48.221 DEBUG [main] [io.netty.handler.ssl.JdkSslContext.<clinit>(JdkSslContext.java:84)] - Default cipher suites (JDK): [TLS_ECDHE_ECDSA_WITH_AES_256_GCM_SHA384, TLS_ECDHE_ECDSA_WITH_AES_128_GCM_SHA256, TLS_ECDHE_RSA_WITH_AES_128_GCM_SHA256, TLS_ECDHE_RSA_WITH_AES_256_GCM_SHA384, TLS_ECDHE_RSA_WITH_AES_128_CBC_SHA, TLS_ECDHE_RSA_WITH_AES_256_CBC_SHA, TLS_RSA_WITH_AES_128_GCM_SHA256, TLS_RSA_WITH_AES_128_CBC_SHA, TLS_RSA_WITH_AES_256_CBC_SHA, TLS_AES_128_GCM_SHA256, TLS_AES_256_GCM_SHA384]
2023-01-03 17:51:48.249 DEBUG [main] [io.netty.channel.MultithreadEventLoopGroup.<clinit>(MultithreadEventLoopGroup.java:44)] - -Dio.netty.eventLoopThreads: 8
2023-01-03 17:51:48.274 DEBUG [main] [io.netty.channel.nio.NioEventLoop.<clinit>(NioEventLoop.java:110)] - -Dio.netty.noKeySetOptimization: false
2023-01-03 17:51:48.274 DEBUG [main] [io.netty.channel.nio.NioEventLoop.<clinit>(NioEventLoop.java:111)] - -Dio.netty.selectorAutoRebuildThreshold: 512
2023-01-03 17:51:48.310 DEBUG [main] [io.netty.buffer.PooledByteBufAllocator.<clinit>(PooledByteBufAllocator.java:157)] - -Dio.netty.allocator.numHeapArenas: 8
2023-01-03 17:51:48.310 DEBUG [main] [io.netty.buffer.PooledByteBufAllocator.<clinit>(PooledByteBufAllocator.java:158)] - -Dio.netty.allocator.numDirectArenas: 8
2023-01-03 17:51:48.310 DEBUG [main] [io.netty.buffer.PooledByteBufAllocator.<clinit>(PooledByteBufAllocator.java:160)] - -Dio.netty.allocator.pageSize: 8192
2023-01-03 17:51:48.311 DEBUG [main] [io.netty.buffer.PooledByteBufAllocator.<clinit>(PooledByteBufAllocator.java:165)] - -Dio.netty.allocator.maxOrder: 9
2023-01-03 17:51:48.311 DEBUG [main] [io.netty.buffer.PooledByteBufAllocator.<clinit>(PooledByteBufAllocator.java:169)] - -Dio.netty.allocator.chunkSize: 4194304
2023-01-03 17:51:48.311 DEBUG [main] [io.netty.buffer.PooledByteBufAllocator.<clinit>(PooledByteBufAllocator.java:170)] - -Dio.netty.allocator.smallCacheSize: 256
2023-01-03 17:51:48.311 DEBUG [main] [io.netty.buffer.PooledByteBufAllocator.<clinit>(PooledByteBufAllocator.java:171)] - -Dio.netty.allocator.normalCacheSize: 64
2023-01-03 17:51:48.311 DEBUG [main] [io.netty.buffer.PooledByteBufAllocator.<clinit>(PooledByteBufAllocator.java:172)] - -Dio.netty.allocator.maxCachedBufferCapacity: 32768
2023-01-03 17:51:48.311 DEBUG [main] [io.netty.buffer.PooledByteBufAllocator.<clinit>(PooledByteBufAllocator.java:173)] - -Dio.netty.allocator.cacheTrimInterval: 8192
2023-01-03 17:51:48.312 DEBUG [main] [io.netty.buffer.PooledByteBufAllocator.<clinit>(PooledByteBufAllocator.java:174)] - -Dio.netty.allocator.cacheTrimIntervalMillis: 0
2023-01-03 17:51:48.312 DEBUG [main] [io.netty.buffer.PooledByteBufAllocator.<clinit>(PooledByteBufAllocator.java:175)] - -Dio.netty.allocator.useCacheForAllThreads: false
2023-01-03 17:51:48.312 DEBUG [main] [io.netty.buffer.PooledByteBufAllocator.<clinit>(PooledByteBufAllocator.java:176)] - -Dio.netty.allocator.maxCachedByteBuffersPerChunk: 1023
2023-01-03 17:51:48.323 DEBUG [main] [io.netty.buffer.ByteBufUtil.<clinit>(ByteBufUtil.java:87)] - -Dio.netty.allocator.type: pooled
2023-01-03 17:51:48.323 DEBUG [main] [io.netty.buffer.ByteBufUtil.<clinit>(ByteBufUtil.java:96)] - -Dio.netty.threadLocalDirectBufferSize: 0
2023-01-03 17:51:48.323 DEBUG [main] [io.netty.buffer.ByteBufUtil.<clinit>(ByteBufUtil.java:99)] - -Dio.netty.maxThreadLocalCharBufferSize: 16384
2023-01-03 17:51:49.073 DEBUG [Forwarding newSession on session null to remote] [io.netty.channel.DefaultChannelId.<clinit>(DefaultChannelId.java:79)] - -Dio.netty.processId: 9608 (auto-detected)
2023-01-03 17:51:49.075 DEBUG [Forwarding newSession on session null to remote] [io.netty.util.NetUtil.<clinit>(NetUtil.java:136)] - -Djava.net.preferIPv4Stack: false
2023-01-03 17:51:49.075 DEBUG [Forwarding newSession on session null to remote] [io.netty.util.NetUtil.<clinit>(NetUtil.java:137)] - -Djava.net.preferIPv6Addresses: false
2023-01-03 17:51:49.080 DEBUG [Forwarding newSession on session null to remote] [io.netty.util.NetUtilInitializations.determineLoopback(NetUtilInitializations.java:129)] - Loopback interface: lo (Software Loopback Interface 1, 127.0.0.1)
2023-01-03 17:51:49.081 DEBUG [Forwarding newSession on session null to remote] [io.netty.util.NetUtil$SoMaxConnAction.run(NetUtil.java:191)] - Failed to get SOMAXCONN from sysctl and file \proc\sys\net\core\somaxconn. Default: 200
2023-01-03 17:51:49.089 DEBUG [Forwarding newSession on session null to remote] [io.netty.channel.DefaultChannelId.<clinit>(DefaultChannelId.java:101)] - -Dio.netty.machineId: 1c:1b:0d:ff:fe:c6:e5:c7 (auto-detected)
2023-01-03 17:51:49.149 DEBUG [AsyncHttpClient-1-2] [io.netty.buffer.AbstractByteBuf.<clinit>(AbstractByteBuf.java:63)] - -Dio.netty.buffer.checkAccessible: true
2023-01-03 17:51:49.149 DEBUG [AsyncHttpClient-1-2] [io.netty.buffer.AbstractByteBuf.<clinit>(AbstractByteBuf.java:64)] - -Dio.netty.buffer.checkBounds: true
2023-01-03 17:51:49.149 DEBUG [AsyncHttpClient-1-2] [io.netty.util.ResourceLeakDetectorFactory$DefaultResourceLeakDetectorFactory.newResourceLeakDetector(ResourceLeakDetectorFactory.java:196)] - Loaded default ResourceLeakDetector: io.netty.util.ResourceLeakDetector@4bb69a4f
2023-01-03 17:51:49.165 DEBUG [AsyncHttpClient-1-2] [org.asynchttpclient.netty.channel.NettyConnectListener.writeRequest(NettyConnectListener.java:73)] - Using new Channel '[id: 0xf5fa95e5, L:/127.0.0.1:60875 - R:localhost/127.0.0.1:6187]' for 'POST' to '/session'
2023-01-03 17:51:49.175 DEBUG [AsyncHttpClient-1-2] [io.netty.util.Recycler.<clinit>(Recycler.java:85)] - -Dio.netty.recycler.maxCapacityPerThread: 4096
2023-01-03 17:51:49.175 DEBUG [AsyncHttpClient-1-2] [io.netty.util.Recycler.<clinit>(Recycler.java:86)] - -Dio.netty.recycler.ratio: 8
2023-01-03 17:51:49.175 DEBUG [AsyncHttpClient-1-2] [io.netty.util.Recycler.<clinit>(Recycler.java:87)] - -Dio.netty.recycler.chunkSize: 32
2023-01-03 17:51:49.175 DEBUG [AsyncHttpClient-1-2] [io.netty.util.Recycler.<clinit>(Recycler.java:88)] - -Dio.netty.recycler.blocking: false
2023-01-03 17:51:51.533 DEBUG [AsyncHttpClient-1-2] [io.netty.handler.codec.compression.Brotli.<clinit>(Brotli.java:38)] - brotli4j not in the classpath; Brotli support will be unavailable.
2023-01-03 17:51:51.534 DEBUG [AsyncHttpClient-1-2] [org.asynchttpclient.netty.handler.HttpHandler.handleHttpResponse(HttpHandler.java:70)] - 

Request DefaultHttpRequest(decodeResult: success, version: HTTP/1.1)
POST /session HTTP/1.1
User-Agent: selenium/4.7.0 (java windows)
Content-Length: 505
Content-Type: application/json; charset=utf-8
host: localhost:6187
accept: */*

Response DefaultHttpResponse(decodeResult: success, version: HTTP/1.1)
HTTP/1.1 200 OK
Content-Type: application/json; charset=utf-8
cache-control: no-cache
content-length: 794

2023-01-03 17:51:51.539 DEBUG [AsyncHttpClient-1-2] [org.asynchttpclient.netty.channel.ChannelManager.tryToOfferChannelToPool(ChannelManager.java:270)] - Adding key: http://localhost:6187 for channel [id: 0xf5fa95e5, L:/127.0.0.1:60875 - R:localhost/127.0.0.1:6187]
2023-01-03 17:51:51.610 DEBUG [AsyncHttpClient-1-3] [org.asynchttpclient.netty.channel.NettyConnectListener.writeRequest(NettyConnectListener.java:73)] - Using new Channel '[id: 0xfdf8e289, L:/127.0.0.1:60881 - R:localhost/127.0.0.1:60876]' for 'GET' to '/json/version'
2023-01-03 17:51:51.614 DEBUG [AsyncHttpClient-1-3] [org.asynchttpclient.netty.handler.HttpHandler.handleHttpResponse(HttpHandler.java:70)] - 

Request DefaultFullHttpRequest(decodeResult: success, version: HTTP/1.1, content: EmptyByteBufBE)
GET /json/version HTTP/1.1
User-Agent: selenium/4.7.0 (java windows)
host: localhost:60876
accept: */*

Response DefaultHttpResponse(decodeResult: success, version: HTTP/1.1)
HTTP/1.1 200 OK
Content-Type: application/json; charset=UTF-8
content-length: 424

2023-01-03 17:51:51.614 DEBUG [AsyncHttpClient-1-3] [org.asynchttpclient.netty.channel.ChannelManager.tryToOfferChannelToPool(ChannelManager.java:270)] - Adding key: http://localhost:60876 for channel [id: 0xfdf8e289, L:/127.0.0.1:60881 - R:localhost/127.0.0.1:60876]
2023-01-03 17:51:51.623 DEBUG [main] [io.netty.util.internal.ThreadLocalRandom.newSeed(ThreadLocalRandom.java:214)] - -Dio.netty.initialSeedUniquifier: 0x777c9a8114c2ff3e
2023-01-03 17:51:51.627 DEBUG [AsyncHttpClient-1-4] [org.asynchttpclient.netty.channel.NettyConnectListener.writeRequest(NettyConnectListener.java:73)] - Using new Channel '[id: 0x02b0e1c2, L:/127.0.0.1:60882 - R:localhost/127.0.0.1:60876]' for 'GET' to '/devtools/browser/e5945526-ae0f-4225-a785-af3ccf8f0792'
2023-01-03 17:51:51.630 DEBUG [AsyncHttpClient-1-4] [org.asynchttpclient.netty.handler.WebSocketHandler.handleRead(WebSocketHandler.java:105)] - 

Request DefaultFullHttpRequest(decodeResult: success, version: HTTP/1.1, content: EmptyByteBufBE)
GET /devtools/browser/e5945526-ae0f-4225-a785-af3ccf8f0792 HTTP/1.1
upgrade: websocket
connection: upgrade
sec-websocket-key: nPWu+Gf3OqcLCIjmrjD2iA==
sec-websocket-version: 13
origin: http://localhost:60876
host: localhost:60876
accept: */*
user-agent: AHC/2.1

Response DefaultHttpResponse(decodeResult: success, version: HTTP/1.1)
HTTP/1.1 101 WebSocket Protocol Handshake
Upgrade: WebSocket
Connection: Upgrade
Sec-WebSocket-Accept: wxMnGBn0u137GKkspoGJLHl419U=

2023-01-03 17:51:51.666 DEBUG [Forwarding get on session 313361399a50a528ee8c3b1d724b0ed3 to remote] [org.asynchttpclient.netty.request.NettyRequestSender.pollPooledChannel(NettyRequestSender.java:593)] - Using pooled Channel '[id: 0xf5fa95e5, L:/127.0.0.1:60875 - R:localhost/127.0.0.1:6187]' for 'POST' to 'http://localhost:6187/session/313361399a50a528ee8c3b1d724b0ed3/url'
2023-01-03 17:51:51.667 DEBUG [Forwarding get on session 313361399a50a528ee8c3b1d724b0ed3 to remote] [org.asynchttpclient.netty.request.NettyRequestSender.sendRequestWithOpenChannel(NettyRequestSender.java:251)] - Using open Channel [id: 0xf5fa95e5, L:/127.0.0.1:60875 - R:localhost/127.0.0.1:6187] for POST '/session/313361399a50a528ee8c3b1d724b0ed3/url'
2023-01-03 17:51:52.627 DEBUG [AsyncHttpClient-1-1] [org.asynchttpclient.netty.channel.DefaultChannelPool$IdleChannelDetector.run(DefaultChannelPool.java:348)] - Entry count for : http://localhost:60876 : 1
2023-01-03 17:51:53.731 DEBUG [AsyncHttpClient-1-1] [org.asynchttpclient.netty.channel.DefaultChannelPool$IdleChannelDetector.run(DefaultChannelPool.java:348)] - Entry count for : http://localhost:60876 : 1
2023-01-03 17:51:54.824 DEBUG [AsyncHttpClient-1-1] [org.asynchttpclient.netty.channel.DefaultChannelPool$IdleChannelDetector.run(DefaultChannelPool.java:348)] - Entry count for : http://localhost:60876 : 1
2023-01-03 17:51:55.925 DEBUG [AsyncHttpClient-1-1] [org.asynchttpclient.netty.channel.DefaultChannelPool$IdleChannelDetector.run(DefaultChannelPool.java:348)] - Entry count for : http://localhost:60876 : 1
2023-01-03 17:51:57.032 DEBUG [AsyncHttpClient-1-1] [org.asynchttpclient.netty.channel.DefaultChannelPool$IdleChannelDetector.run(DefaultChannelPool.java:348)] - Entry count for : http://localhost:60876 : 1
2023-01-03 17:51:58.124 DEBUG [AsyncHttpClient-1-1] [org.asynchttpclient.netty.channel.DefaultChannelPool$IdleChannelDetector.run(DefaultChannelPool.java:348)] - Entry count for : http://localhost:60876 : 1
2023-01-03 17:51:59.224 DEBUG [AsyncHttpClient-1-1] [org.asynchttpclient.netty.channel.DefaultChannelPool$IdleChannelDetector.run(DefaultChannelPool.java:348)] - Entry count for : http://localhost:60876 : 1
2023-01-03 17:52:00.330 DEBUG [AsyncHttpClient-1-1] [org.asynchttpclient.netty.channel.DefaultChannelPool$IdleChannelDetector.run(DefaultChannelPool.java:348)] - Entry count for : http://localhost:60876 : 1
2023-01-03 17:52:01.424 DEBUG [AsyncHttpClient-1-1] [org.asynchttpclient.netty.channel.DefaultChannelPool$IdleChannelDetector.run(DefaultChannelPool.java:348)] - Entry count for : http://localhost:60876 : 1
2023-01-03 17:52:02.524 DEBUG [AsyncHttpClient-1-1] [org.asynchttpclient.netty.channel.DefaultChannelPool$IdleChannelDetector.run(DefaultChannelPool.java:348)] - Entry count for : http://localhost:60876 : 1
2023-01-03 17:52:03.624 DEBUG [AsyncHttpClient-1-1] [org.asynchttpclient.netty.channel.DefaultChannelPool$IdleChannelDetector.run(DefaultChannelPool.java:348)] - Entry count for : http://localhost:60876 : 1
2023-01-03 17:52:04.724 DEBUG [AsyncHttpClient-1-1] [org.asynchttpclient.netty.channel.DefaultChannelPool$IdleChannelDetector.run(DefaultChannelPool.java:348)] - Entry count for : http://localhost:60876 : 1
2023-01-03 17:52:05.823 DEBUG [AsyncHttpClient-1-1] [org.asynchttpclient.netty.channel.DefaultChannelPool$IdleChannelDetector.run(DefaultChannelPool.java:348)] - Entry count for : http://localhost:60876 : 1
2023-01-03 17:52:06.924 DEBUG [AsyncHttpClient-1-1] [org.asynchttpclient.netty.channel.DefaultChannelPool$IdleChannelDetector.run(DefaultChannelPool.java:348)] - Entry count for : http://localhost:60876 : 1
2023-01-03 17:52:08.027 DEBUG [AsyncHttpClient-1-1] [org.asynchttpclient.netty.channel.DefaultChannelPool$IdleChannelDetector.run(DefaultChannelPool.java:348)] - Entry count for : http://localhost:60876 : 1
2023-01-03 17:52:09.130 DEBUG [AsyncHttpClient-1-1] [org.asynchttpclient.netty.channel.DefaultChannelPool$IdleChannelDetector.run(DefaultChannelPool.java:348)] - Entry count for : http://localhost:60876 : 1
2023-01-03 17:52:10.223 DEBUG [AsyncHttpClient-1-1] [org.asynchttpclient.netty.channel.DefaultChannelPool$IdleChannelDetector.run(DefaultChannelPool.java:348)] - Entry count for : http://localhost:60876 : 1
2023-01-03 17:52:11.328 DEBUG [AsyncHttpClient-1-1] [org.asynchttpclient.netty.channel.DefaultChannelPool$IdleChannelDetector.run(DefaultChannelPool.java:348)] - Entry count for : http://localhost:60876 : 1
2023-01-03 17:52:12.427 DEBUG [AsyncHttpClient-1-1] [org.asynchttpclient.netty.channel.DefaultChannelPool$IdleChannelDetector.run(DefaultChannelPool.java:348)] - Entry count for : http://localhost:60876 : 1
2023-01-03 17:52:13.527 DEBUG [AsyncHttpClient-1-1] [org.asynchttpclient.netty.channel.DefaultChannelPool$IdleChannelDetector.run(DefaultChannelPool.java:348)] - Entry count for : http://localhost:60876 : 1
2023-01-03 17:52:14.623 DEBUG [AsyncHttpClient-1-1] [org.asynchttpclient.netty.channel.DefaultChannelPool$IdleChannelDetector.run(DefaultChannelPool.java:348)] - Entry count for : http://localhost:60876 : 1
2023-01-03 17:52:15.728 DEBUG [AsyncHttpClient-1-1] [org.asynchttpclient.netty.channel.DefaultChannelPool$IdleChannelDetector.run(DefaultChannelPool.java:348)] - Entry count for : http://localhost:60876 : 1
2023-01-03 17:52:16.825 DEBUG [AsyncHttpClient-1-1] [org.asynchttpclient.netty.channel.DefaultChannelPool$IdleChannelDetector.run(DefaultChannelPool.java:348)] - Entry count for : http://localhost:60876 : 1
2023-01-03 17:52:17.924 DEBUG [AsyncHttpClient-1-1] [org.asynchttpclient.netty.channel.DefaultChannelPool$IdleChannelDetector.run(DefaultChannelPool.java:348)] - Entry count for : http://localhost:60876 : 1
2023-01-03 17:52:19.025 DEBUG [AsyncHttpClient-1-1] [org.asynchttpclient.netty.channel.DefaultChannelPool$IdleChannelDetector.run(DefaultChannelPool.java:348)] - Entry count for : http://localhost:60876 : 1
2023-01-03 17:52:20.126 DEBUG [AsyncHttpClient-1-1] [org.asynchttpclient.netty.channel.DefaultChannelPool$IdleChannelDetector.run(DefaultChannelPool.java:348)] - Entry count for : http://localhost:60876 : 1
2023-01-03 17:52:21.229 DEBUG [AsyncHttpClient-1-1] [org.asynchttpclient.netty.channel.DefaultChannelPool$IdleChannelDetector.run(DefaultChannelPool.java:348)] - Entry count for : http://localhost:60876 : 1
2023-01-03 17:52:22.323 DEBUG [AsyncHttpClient-1-1] [org.asynchttpclient.netty.channel.DefaultChannelPool$IdleChannelDetector.run(DefaultChannelPool.java:348)] - Entry count for : http://localhost:60876 : 1
2023-01-03 17:52:23.428 DEBUG [AsyncHttpClient-1-1] [org.asynchttpclient.netty.channel.DefaultChannelPool$IdleChannelDetector.run(DefaultChannelPool.java:348)] - Entry count for : http://localhost:60876 : 1
2023-01-03 17:52:24.531 DEBUG [AsyncHttpClient-1-1] [org.asynchttpclient.netty.channel.DefaultChannelPool$IdleChannelDetector.run(DefaultChannelPool.java:348)] - Entry count for : http://localhost:60876 : 1
2023-01-03 17:52:25.629 DEBUG [AsyncHttpClient-1-1] [org.asynchttpclient.netty.channel.DefaultChannelPool$IdleChannelDetector.run(DefaultChannelPool.java:348)] - Entry count for : http://localhost:60876 : 1
2023-01-03 17:52:26.724 DEBUG [AsyncHttpClient-1-1] [org.asynchttpclient.netty.channel.DefaultChannelPool$IdleChannelDetector.run(DefaultChannelPool.java:348)] - Entry count for : http://localhost:60876 : 1
2023-01-03 17:52:27.831 DEBUG [AsyncHttpClient-1-1] [org.asynchttpclient.netty.channel.DefaultChannelPool$IdleChannelDetector.run(DefaultChannelPool.java:348)] - Entry count for : http://localhost:60876 : 1
2023-01-03 17:52:28.923 DEBUG [AsyncHttpClient-1-1] [org.asynchttpclient.netty.channel.DefaultChannelPool$IdleChannelDetector.run(DefaultChannelPool.java:348)] - Entry count for : http://localhost:60876 : 1
2023-01-03 17:52:30.024 DEBUG [AsyncHttpClient-1-1] [org.asynchttpclient.netty.channel.DefaultChannelPool$IdleChannelDetector.run(DefaultChannelPool.java:348)] - Entry count for : http://localhost:60876 : 1
2023-01-03 17:52:31.133 DEBUG [AsyncHttpClient-1-1] [org.asynchttpclient.netty.channel.DefaultChannelPool$IdleChannelDetector.run(DefaultChannelPool.java:348)] - Entry count for : http://localhost:60876 : 1
2023-01-03 17:52:32.224 DEBUG [AsyncHttpClient-1-1] [org.asynchttpclient.netty.channel.DefaultChannelPool$IdleChannelDetector.run(DefaultChannelPool.java:348)] - Entry count for : http://localhost:60876 : 1
2023-01-03 17:52:33.330 DEBUG [AsyncHttpClient-1-1] [org.asynchttpclient.netty.channel.DefaultChannelPool$IdleChannelDetector.run(DefaultChannelPool.java:348)] - Entry count for : http://localhost:60876 : 1
2023-01-03 17:52:34.424 DEBUG [AsyncHttpClient-1-1] [org.asynchttpclient.netty.channel.DefaultChannelPool$IdleChannelDetector.run(DefaultChannelPool.java:348)] - Entry count for : http://localhost:60876 : 1
2023-01-03 17:52:35.528 DEBUG [AsyncHttpClient-1-1] [org.asynchttpclient.netty.channel.DefaultChannelPool$IdleChannelDetector.run(DefaultChannelPool.java:348)] - Entry count for : http://localhost:60876 : 1
2023-01-03 17:52:36.635 DEBUG [AsyncHttpClient-1-1] [org.asynchttpclient.netty.channel.DefaultChannelPool$IdleChannelDetector.run(DefaultChannelPool.java:348)] - Entry count for : http://localhost:60876 : 1
2023-01-03 17:52:37.725 DEBUG [AsyncHttpClient-1-1] [org.asynchttpclient.netty.channel.DefaultChannelPool$IdleChannelDetector.run(DefaultChannelPool.java:348)] - Entry count for : http://localhost:60876 : 1
2023-01-03 17:52:38.829 DEBUG [AsyncHttpClient-1-1] [org.asynchttpclient.netty.channel.DefaultChannelPool$IdleChannelDetector.run(DefaultChannelPool.java:348)] - Entry count for : http://localhost:60876 : 1
2023-01-03 17:52:39.924 DEBUG [AsyncHttpClient-1-1] [org.asynchttpclient.netty.channel.DefaultChannelPool$IdleChannelDetector.run(DefaultChannelPool.java:348)] - Entry count for : http://localhost:60876 : 1
2023-01-03 17:52:41.030 DEBUG [AsyncHttpClient-1-1] [org.asynchttpclient.netty.channel.DefaultChannelPool$IdleChannelDetector.run(DefaultChannelPool.java:348)] - Entry count for : http://localhost:60876 : 1
2023-01-03 17:52:42.124 DEBUG [AsyncHttpClient-1-1] [org.asynchttpclient.netty.channel.DefaultChannelPool$IdleChannelDetector.run(DefaultChannelPool.java:348)] - Entry count for : http://localhost:60876 : 1
2023-01-03 17:52:43.230 DEBUG [AsyncHttpClient-1-1] [org.asynchttpclient.netty.channel.DefaultChannelPool$IdleChannelDetector.run(DefaultChannelPool.java:348)] - Entry count for : http://localhost:60876 : 1
2023-01-03 17:52:44.324 DEBUG [AsyncHttpClient-1-1] [org.asynchttpclient.netty.channel.DefaultChannelPool$IdleChannelDetector.run(DefaultChannelPool.java:348)] - Entry count for : http://localhost:60876 : 1
2023-01-03 17:52:45.425 DEBUG [AsyncHttpClient-1-1] [org.asynchttpclient.netty.channel.DefaultChannelPool$IdleChannelDetector.run(DefaultChannelPool.java:348)] - Entry count for : http://localhost:60876 : 1
2023-01-03 17:52:46.525 DEBUG [AsyncHttpClient-1-1] [org.asynchttpclient.netty.channel.DefaultChannelPool$IdleChannelDetector.run(DefaultChannelPool.java:348)] - Entry count for : http://localhost:60876 : 1
2023-01-03 17:52:47.624 DEBUG [AsyncHttpClient-1-1] [org.asynchttpclient.netty.channel.DefaultChannelPool$IdleChannelDetector.run(DefaultChannelPool.java:348)] - Entry count for : http://localhost:60876 : 1
2023-01-03 17:52:48.724 DEBUG [AsyncHttpClient-1-1] [org.asynchttpclient.netty.channel.DefaultChannelPool$IdleChannelDetector.run(DefaultChannelPool.java:348)] - Entry count for : http://localhost:60876 : 1
2023-01-03 17:52:49.828 DEBUG [AsyncHttpClient-1-1] [org.asynchttpclient.netty.channel.DefaultChannelPool$IdleChannelDetector.run(DefaultChannelPool.java:348)] - Entry count for : http://localhost:60876 : 1
2023-01-03 17:52:50.932 DEBUG [AsyncHttpClient-1-1] [org.asynchttpclient.netty.channel.DefaultChannelPool$IdleChannelDetector.run(DefaultChannelPool.java:348)] - Entry count for : http://localhost:60876 : 1
2023-01-03 17:52:52.024 DEBUG [AsyncHttpClient-1-1] [org.asynchttpclient.netty.channel.DefaultChannelPool$IdleChannelDetector.run(DefaultChannelPool.java:348)] - Entry count for : http://localhost:60876 : 1
2023-01-03 17:52:52.025 DEBUG [AsyncHttpClient-1-1] [org.asynchttpclient.netty.channel.DefaultChannelPool$IdleChannelDetector.expiredChannels(DefaultChannelPool.java:302)] - Adding Candidate expired Channel [id: 0xfdf8e289, L:/127.0.0.1:60881 - R:localhost/127.0.0.1:60876] isIdleTimeoutExpired=true isRemotelyClosed=false isTtlExpired=false
2023-01-03 17:52:52.025 DEBUG [AsyncHttpClient-1-1] [org.asynchttpclient.netty.channel.DefaultChannelPool$IdleChannelDetector.closeChannels(DefaultChannelPool.java:321)] - Closing Idle Channel [id: 0xfdf8e289, L:/127.0.0.1:60881 - R:localhost/127.0.0.1:60876]
2023-01-03 17:52:52.028 DEBUG [AsyncHttpClient-1-1] [org.asynchttpclient.netty.channel.DefaultChannelPool$IdleChannelDetector.run(DefaultChannelPool.java:374)] - Closed 1 connections out of 1 in 3 ms
2023-01-03 17:52:52.029 DEBUG [AsyncHttpClient-1-3] [org.asynchttpclient.netty.handler.AsyncHttpClientHandler.channelInactive(AsyncHttpClientHandler.java:126)] - Channel Closed: [id: 0xfdf8e289, L:/127.0.0.1:60881 ! R:localhost/127.0.0.1:60876] with attribute DISCARD
2023-01-03 17:52:59.909 DEBUG [AsyncHttpClient-1-2] [org.asynchttpclient.netty.handler.HttpHandler.handleHttpResponse(HttpHandler.java:70)] - 

Request DefaultHttpRequest(decodeResult: success, version: HTTP/1.1)
POST /session/313361399a50a528ee8c3b1d724b0ed3/url HTTP/1.1
User-Agent: selenium/4.7.0 (java windows)
Content-Length: 116
Content-Type: application/json; charset=utf-8
host: localhost:6187
accept: */*

Response DefaultHttpResponse(decodeResult: success, version: HTTP/1.1)
HTTP/1.1 200 OK
Content-Type: application/json; charset=utf-8
cache-control: no-cache
content-length: 14

2023-01-03 17:52:59.910 DEBUG [AsyncHttpClient-1-2] [org.asynchttpclient.netty.channel.ChannelManager.tryToOfferChannelToPool(ChannelManager.java:270)] - Adding key: http://localhost:6187 for channel [id: 0xf5fa95e5, L:/127.0.0.1:60875 - R:localhost/127.0.0.1:6187]
2023-01-03 17:52:59.916 DEBUG [Forwarding setTimeout on session 313361399a50a528ee8c3b1d724b0ed3 to remote] [org.asynchttpclient.netty.request.NettyRequestSender.pollPooledChannel(NettyRequestSender.java:593)] - Using pooled Channel '[id: 0xf5fa95e5, L:/127.0.0.1:60875 - R:localhost/127.0.0.1:6187]' for 'POST' to 'http://localhost:6187/session/313361399a50a528ee8c3b1d724b0ed3/timeouts'
2023-01-03 17:52:59.917 DEBUG [Forwarding setTimeout on session 313361399a50a528ee8c3b1d724b0ed3 to remote] [org.asynchttpclient.netty.request.NettyRequestSender.sendRequestWithOpenChannel(NettyRequestSender.java:251)] - Using open Channel [id: 0xf5fa95e5, L:/127.0.0.1:60875 - R:localhost/127.0.0.1:6187] for POST '/session/313361399a50a528ee8c3b1d724b0ed3/timeouts'
2023-01-03 17:52:59.918 DEBUG [AsyncHttpClient-1-2] [org.asynchttpclient.netty.handler.HttpHandler.handleHttpResponse(HttpHandler.java:70)] - 

Request DefaultHttpRequest(decodeResult: success, version: HTTP/1.1)
POST /session/313361399a50a528ee8c3b1d724b0ed3/timeouts HTTP/1.1
User-Agent: selenium/4.7.0 (java windows)
Content-Length: 23
Content-Type: application/json; charset=utf-8
host: localhost:6187
accept: */*

Response DefaultHttpResponse(decodeResult: success, version: HTTP/1.1)
HTTP/1.1 200 OK
Content-Type: application/json; charset=utf-8
cache-control: no-cache
content-length: 14

2023-01-03 17:52:59.919 DEBUG [AsyncHttpClient-1-2] [org.asynchttpclient.netty.channel.ChannelManager.tryToOfferChannelToPool(ChannelManager.java:270)] - Adding key: http://localhost:6187 for channel [id: 0xf5fa95e5, L:/127.0.0.1:60875 - R:localhost/127.0.0.1:6187]
2023-01-03 17:52:59.920 DEBUG [Forwarding maximizeCurrentWindow on session 313361399a50a528ee8c3b1d724b0ed3 to remote] [org.asynchttpclient.netty.request.NettyRequestSender.pollPooledChannel(NettyRequestSender.java:593)] - Using pooled Channel '[id: 0xf5fa95e5, L:/127.0.0.1:60875 - R:localhost/127.0.0.1:6187]' for 'POST' to 'http://localhost:6187/session/313361399a50a528ee8c3b1d724b0ed3/window/maximize'
2023-01-03 17:52:59.921 DEBUG [Forwarding maximizeCurrentWindow on session 313361399a50a528ee8c3b1d724b0ed3 to remote] [org.asynchttpclient.netty.request.NettyRequestSender.sendRequestWithOpenChannel(NettyRequestSender.java:251)] - Using open Channel [id: 0xf5fa95e5, L:/127.0.0.1:60875 - R:localhost/127.0.0.1:6187] for POST '/session/313361399a50a528ee8c3b1d724b0ed3/window/maximize'
2023-01-03 17:53:00.230 DEBUG [AsyncHttpClient-1-2] [org.asynchttpclient.netty.handler.HttpHandler.handleHttpResponse(HttpHandler.java:70)] - 

Request DefaultHttpRequest(decodeResult: success, version: HTTP/1.1)
POST /session/313361399a50a528ee8c3b1d724b0ed3/window/maximize HTTP/1.1
User-Agent: selenium/4.7.0 (java windows)
Content-Length: 3
Content-Type: application/json; charset=utf-8
host: localhost:6187
accept: */*

Response DefaultHttpResponse(decodeResult: success, version: HTTP/1.1)
HTTP/1.1 200 OK
Content-Type: application/json; charset=utf-8
cache-control: no-cache
content-length: 51

2023-01-03 17:53:00.231 DEBUG [AsyncHttpClient-1-2] [org.asynchttpclient.netty.channel.ChannelManager.tryToOfferChannelToPool(ChannelManager.java:270)] - Adding key: http://localhost:6187 for channel [id: 0xf5fa95e5, L:/127.0.0.1:60875 - R:localhost/127.0.0.1:6187]
2023-01-03 17:53:00.232 DEBUG [main] [Regression.TestXpath.set(TestXpath.java:33)] - Setup is successfull
2023-01-03 17:53:00.234 DEBUG [Forwarding findElement on session 313361399a50a528ee8c3b1d724b0ed3 to remote] [org.asynchttpclient.netty.request.NettyRequestSender.pollPooledChannel(NettyRequestSender.java:593)] - Using pooled Channel '[id: 0xf5fa95e5, L:/127.0.0.1:60875 - R:localhost/127.0.0.1:6187]' for 'POST' to 'http://localhost:6187/session/313361399a50a528ee8c3b1d724b0ed3/element'
2023-01-03 17:53:00.234 DEBUG [Forwarding findElement on session 313361399a50a528ee8c3b1d724b0ed3 to remote] [org.asynchttpclient.netty.request.NettyRequestSender.sendRequestWithOpenChannel(NettyRequestSender.java:251)] - Using open Channel [id: 0xf5fa95e5, L:/127.0.0.1:60875 - R:localhost/127.0.0.1:6187] for POST '/session/313361399a50a528ee8c3b1d724b0ed3/element'
2023-01-03 17:53:07.177 DEBUG [AsyncHttpClient-1-2] [org.asynchttpclient.netty.handler.HttpHandler.handleHttpResponse(HttpHandler.java:70)] - 

Request DefaultHttpRequest(decodeResult: success, version: HTTP/1.1)
POST /session/313361399a50a528ee8c3b1d724b0ed3/element HTTP/1.1
User-Agent: selenium/4.7.0 (java windows)
Content-Length: 72
Content-Type: application/json; charset=utf-8
host: localhost:6187
accept: */*

Response DefaultHttpResponse(decodeResult: success, version: HTTP/1.1)
HTTP/1.1 200 OK
Content-Type: application/json; charset=utf-8
cache-control: no-cache
content-length: 88

2023-01-03 17:53:07.177 DEBUG [AsyncHttpClient-1-2] [org.asynchttpclient.netty.channel.ChannelManager.tryToOfferChannelToPool(ChannelManager.java:270)] - Adding key: http://localhost:6187 for channel [id: 0xf5fa95e5, L:/127.0.0.1:60875 - R:localhost/127.0.0.1:6187]
2023-01-03 17:53:07.181 DEBUG [Forwarding clickElement on session 313361399a50a528ee8c3b1d724b0ed3 to remote] [org.asynchttpclient.netty.request.NettyRequestSender.pollPooledChannel(NettyRequestSender.java:593)] - Using pooled Channel '[id: 0xf5fa95e5, L:/127.0.0.1:60875 - R:localhost/127.0.0.1:6187]' for 'POST' to 'http://localhost:6187/session/313361399a50a528ee8c3b1d724b0ed3/element/e2c7a18e-a597-4a96-991b-e4b55d0b1600/click'
2023-01-03 17:53:07.181 DEBUG [Forwarding clickElement on session 313361399a50a528ee8c3b1d724b0ed3 to remote] [org.asynchttpclient.netty.request.NettyRequestSender.sendRequestWithOpenChannel(NettyRequestSender.java:251)] - Using open Channel [id: 0xf5fa95e5, L:/127.0.0.1:60875 - R:localhost/127.0.0.1:6187] for POST '/session/313361399a50a528ee8c3b1d724b0ed3/element/e2c7a18e-a597-4a96-991b-e4b55d0b1600/click'
2023-01-03 17:53:07.317 DEBUG [AsyncHttpClient-1-2] [org.asynchttpclient.netty.handler.HttpHandler.handleHttpResponse(HttpHandler.java:70)] - 

Request DefaultHttpRequest(decodeResult: success, version: HTTP/1.1)
POST /session/313361399a50a528ee8c3b1d724b0ed3/element/e2c7a18e-a597-4a96-991b-e4b55d0b1600/click HTTP/1.1
User-Agent: selenium/4.7.0 (java windows)
Content-Length: 50
Content-Type: application/json; charset=utf-8
host: localhost:6187
accept: */*

Response DefaultHttpResponse(decodeResult: success, version: HTTP/1.1)
HTTP/1.1 200 OK
Content-Type: application/json; charset=utf-8
cache-control: no-cache
content-length: 14

2023-01-03 17:53:07.317 DEBUG [AsyncHttpClient-1-2] [org.asynchttpclient.netty.channel.ChannelManager.tryToOfferChannelToPool(ChannelManager.java:270)] - Adding key: http://localhost:6187 for channel [id: 0xf5fa95e5, L:/127.0.0.1:60875 - R:localhost/127.0.0.1:6187]
2023-01-03 17:53:07.323 DEBUG [Forwarding findElement on session 313361399a50a528ee8c3b1d724b0ed3 to remote] [org.asynchttpclient.netty.request.NettyRequestSender.pollPooledChannel(NettyRequestSender.java:593)] - Using pooled Channel '[id: 0xf5fa95e5, L:/127.0.0.1:60875 - R:localhost/127.0.0.1:6187]' for 'POST' to 'http://localhost:6187/session/313361399a50a528ee8c3b1d724b0ed3/element'
2023-01-03 17:53:07.323 DEBUG [Forwarding findElement on session 313361399a50a528ee8c3b1d724b0ed3 to remote] [org.asynchttpclient.netty.request.NettyRequestSender.sendRequestWithOpenChannel(NettyRequestSender.java:251)] - Using open Channel [id: 0xf5fa95e5, L:/127.0.0.1:60875 - R:localhost/127.0.0.1:6187] for POST '/session/313361399a50a528ee8c3b1d724b0ed3/element'
2023-01-03 17:53:07.555 DEBUG [AsyncHttpClient-1-2] [org.asynchttpclient.netty.handler.HttpHandler.handleHttpResponse(HttpHandler.java:70)] - 

Request DefaultHttpRequest(decodeResult: success, version: HTTP/1.1)
POST /session/313361399a50a528ee8c3b1d724b0ed3/element HTTP/1.1
User-Agent: selenium/4.7.0 (java windows)
Content-Length: 53
Content-Type: application/json; charset=utf-8
host: localhost:6187
accept: */*

Response DefaultHttpResponse(decodeResult: success, version: HTTP/1.1)
HTTP/1.1 200 OK
Content-Type: application/json; charset=utf-8
cache-control: no-cache
content-length: 88

2023-01-03 17:53:07.556 DEBUG [AsyncHttpClient-1-2] [org.asynchttpclient.netty.channel.ChannelManager.tryToOfferChannelToPool(ChannelManager.java:270)] - Adding key: http://localhost:6187 for channel [id: 0xf5fa95e5, L:/127.0.0.1:60875 - R:localhost/127.0.0.1:6187]
2023-01-03 17:53:07.561 DEBUG [Forwarding sendKeysToElement on session 313361399a50a528ee8c3b1d724b0ed3 to remote] [org.asynchttpclient.netty.request.NettyRequestSender.pollPooledChannel(NettyRequestSender.java:593)] - Using pooled Channel '[id: 0xf5fa95e5, L:/127.0.0.1:60875 - R:localhost/127.0.0.1:6187]' for 'POST' to 'http://localhost:6187/session/313361399a50a528ee8c3b1d724b0ed3/element/a26d09ed-5895-4031-8b8b-9c15a04b5ba8/value'
2023-01-03 17:53:07.562 DEBUG [Forwarding sendKeysToElement on session 313361399a50a528ee8c3b1d724b0ed3 to remote] [org.asynchttpclient.netty.request.NettyRequestSender.sendRequestWithOpenChannel(NettyRequestSender.java:251)] - Using open Channel [id: 0xf5fa95e5, L:/127.0.0.1:60875 - R:localhost/127.0.0.1:6187] for POST '/session/313361399a50a528ee8c3b1d724b0ed3/element/a26d09ed-5895-4031-8b8b-9c15a04b5ba8/value'
2023-01-03 17:53:07.612 DEBUG [AsyncHttpClient-1-2] [org.asynchttpclient.netty.handler.HttpHandler.handleHttpResponse(HttpHandler.java:70)] - 

Request DefaultHttpRequest(decodeResult: success, version: HTTP/1.1)
POST /session/313361399a50a528ee8c3b1d724b0ed3/element/a26d09ed-5895-4031-8b8b-9c15a04b5ba8/value HTTP/1.1
User-Agent: selenium/4.7.0 (java windows)
Content-Length: 721
Content-Type: application/json; charset=utf-8
host: localhost:6187
accept: */*

Response DefaultHttpResponse(decodeResult: success, version: HTTP/1.1)
HTTP/1.1 200 OK
Content-Type: application/json; charset=utf-8
cache-control: no-cache
content-length: 14

2023-01-03 17:53:07.612 DEBUG [AsyncHttpClient-1-2] [org.asynchttpclient.netty.channel.ChannelManager.tryToOfferChannelToPool(ChannelManager.java:270)] - Adding key: http://localhost:6187 for channel [id: 0xf5fa95e5, L:/127.0.0.1:60875 - R:localhost/127.0.0.1:6187]
2023-01-03 17:53:07.614 DEBUG [Forwarding findElement on session 313361399a50a528ee8c3b1d724b0ed3 to remote] [org.asynchttpclient.netty.request.NettyRequestSender.pollPooledChannel(NettyRequestSender.java:593)] - Using pooled Channel '[id: 0xf5fa95e5, L:/127.0.0.1:60875 - R:localhost/127.0.0.1:6187]' for 'POST' to 'http://localhost:6187/session/313361399a50a528ee8c3b1d724b0ed3/element'
2023-01-03 17:53:07.614 DEBUG [Forwarding findElement on session 313361399a50a528ee8c3b1d724b0ed3 to remote] [org.asynchttpclient.netty.request.NettyRequestSender.sendRequestWithOpenChannel(NettyRequestSender.java:251)] - Using open Channel [id: 0xf5fa95e5, L:/127.0.0.1:60875 - R:localhost/127.0.0.1:6187] for POST '/session/313361399a50a528ee8c3b1d724b0ed3/element'
2023-01-03 17:53:07.635 DEBUG [AsyncHttpClient-1-2] [org.asynchttpclient.netty.handler.HttpHandler.handleHttpResponse(HttpHandler.java:70)] - 

Request DefaultHttpRequest(decodeResult: success, version: HTTP/1.1)
POST /session/313361399a50a528ee8c3b1d724b0ed3/element HTTP/1.1
User-Agent: selenium/4.7.0 (java windows)
Content-Length: 66
Content-Type: application/json; charset=utf-8
host: localhost:6187
accept: */*

Response DefaultHttpResponse(decodeResult: success, version: HTTP/1.1)
HTTP/1.1 200 OK
Content-Type: application/json; charset=utf-8
cache-control: no-cache
content-length: 88

2023-01-03 17:53:07.635 DEBUG [AsyncHttpClient-1-2] [org.asynchttpclient.netty.channel.ChannelManager.tryToOfferChannelToPool(ChannelManager.java:270)] - Adding key: http://localhost:6187 for channel [id: 0xf5fa95e5, L:/127.0.0.1:60875 - R:localhost/127.0.0.1:6187]
2023-01-03 17:53:07.637 DEBUG [Forwarding clickElement on session 313361399a50a528ee8c3b1d724b0ed3 to remote] [org.asynchttpclient.netty.request.NettyRequestSender.pollPooledChannel(NettyRequestSender.java:593)] - Using pooled Channel '[id: 0xf5fa95e5, L:/127.0.0.1:60875 - R:localhost/127.0.0.1:6187]' for 'POST' to 'http://localhost:6187/session/313361399a50a528ee8c3b1d724b0ed3/element/79078890-7d55-4aea-a204-87ad13de6904/click'
2023-01-03 17:53:07.638 DEBUG [Forwarding clickElement on session 313361399a50a528ee8c3b1d724b0ed3 to remote] [org.asynchttpclient.netty.request.NettyRequestSender.sendRequestWithOpenChannel(NettyRequestSender.java:251)] - Using open Channel [id: 0xf5fa95e5, L:/127.0.0.1:60875 - R:localhost/127.0.0.1:6187] for POST '/session/313361399a50a528ee8c3b1d724b0ed3/element/79078890-7d55-4aea-a204-87ad13de6904/click'
2023-01-03 17:53:07.709 DEBUG [AsyncHttpClient-1-2] [org.asynchttpclient.netty.handler.HttpHandler.handleHttpResponse(HttpHandler.java:70)] - 

Request DefaultHttpRequest(decodeResult: success, version: HTTP/1.1)
POST /session/313361399a50a528ee8c3b1d724b0ed3/element/79078890-7d55-4aea-a204-87ad13de6904/click HTTP/1.1
User-Agent: selenium/4.7.0 (java windows)
Content-Length: 50
Content-Type: application/json; charset=utf-8
host: localhost:6187
accept: */*

Response DefaultHttpResponse(decodeResult: success, version: HTTP/1.1)
HTTP/1.1 200 OK
Content-Type: application/json; charset=utf-8
cache-control: no-cache
content-length: 14

2023-01-03 17:53:07.710 DEBUG [AsyncHttpClient-1-2] [org.asynchttpclient.netty.channel.ChannelManager.tryToOfferChannelToPool(ChannelManager.java:270)] - Adding key: http://localhost:6187 for channel [id: 0xf5fa95e5, L:/127.0.0.1:60875 - R:localhost/127.0.0.1:6187]
2023-01-03 17:53:08.524 DEBUG [AsyncHttpClient-1-1] [org.asynchttpclient.netty.channel.DefaultChannelPool$IdleChannelDetector.run(DefaultChannelPool.java:348)] - Entry count for : http://localhost:6187 : 1
2023-01-03 17:53:09.624 DEBUG [AsyncHttpClient-1-1] [org.asynchttpclient.netty.channel.DefaultChannelPool$IdleChannelDetector.run(DefaultChannelPool.java:348)] - Entry count for : http://localhost:6187 : 1
2023-01-03 17:53:09.723 DEBUG [AsyncHttpClient-1-4] [org.asynchttpclient.netty.handler.AsyncHttpClientHandler.channelInactive(AsyncHttpClientHandler.java:126)] - Channel Closed: [id: 0x02b0e1c2, L:/127.0.0.1:60882 ! R:localhost/127.0.0.1:60876] with attribute NettyResponseFuture{currentRetry=0,
	isDone=1,
	isCancelled=0,
	asyncHandler=org.asynchttpclient.ws.WebSocketUpgradeHandler@5c4888b4,
	nettyRequest=org.asynchttpclient.netty.request.NettyRequest@7cadf76c,
	future=java.util.concurrent.CompletableFuture@5252ee87[Completed normally],
	uri=ws://localhost:60876/devtools/browser/e5945526-ae0f-4225-a785-af3ccf8f0792,
	keepAlive=true,
	redirectCount=0,
	timeoutsHolder=null,
	inAuth=0,
	touch=1672748511639}
2023-01-03 17:53:09.724 DEBUG [AsyncHttpClient-1-4] [org.asynchttpclient.netty.channel.ChannelManager.closeChannel(ChannelManager.java:315)] - Closing Channel [id: 0x02b0e1c2, L:/127.0.0.1:60882 ! R:localhost/127.0.0.1:60876] 
2023-01-03 17:53:09.728 DEBUG [Driver Command Executor] [org.asynchttpclient.netty.request.NettyRequestSender.pollPooledChannel(NettyRequestSender.java:593)] - Using pooled Channel '[id: 0xf5fa95e5, L:/127.0.0.1:60875 - R:localhost/127.0.0.1:6187]' for 'DELETE' to 'http://localhost:6187/session/313361399a50a528ee8c3b1d724b0ed3'
2023-01-03 17:53:09.729 DEBUG [Driver Command Executor] [org.asynchttpclient.netty.request.NettyRequestSender.sendRequestWithOpenChannel(NettyRequestSender.java:251)] - Using open Channel [id: 0xf5fa95e5, L:/127.0.0.1:60875 - R:localhost/127.0.0.1:6187] for DELETE '/session/313361399a50a528ee8c3b1d724b0ed3'
2023-01-03 17:53:09.866 DEBUG [AsyncHttpClient-1-2] [org.asynchttpclient.netty.handler.HttpHandler.handleHttpResponse(HttpHandler.java:70)] - 

Request DefaultFullHttpRequest(decodeResult: success, version: HTTP/1.1, content: EmptyByteBufBE)
DELETE /session/313361399a50a528ee8c3b1d724b0ed3 HTTP/1.1
User-Agent: selenium/4.7.0 (java windows)
Content-Type: application/json; charset=utf-8
host: localhost:6187
accept: */*

Response DefaultHttpResponse(decodeResult: success, version: HTTP/1.1)
HTTP/1.1 200 OK
Content-Type: application/json; charset=utf-8
cache-control: no-cache
content-length: 14

2023-01-03 17:53:09.866 DEBUG [AsyncHttpClient-1-2] [org.asynchttpclient.netty.channel.ChannelManager.tryToOfferChannelToPool(ChannelManager.java:270)] - Adding key: http://localhost:6187 for channel [id: 0xf5fa95e5, L:/127.0.0.1:60875 - R:localhost/127.0.0.1:6187]
2023-01-03 17:53:10.724 DEBUG [AsyncHttpClient-1-1] [org.asynchttpclient.netty.channel.DefaultChannelPool$IdleChannelDetector.run(DefaultChannelPool.java:348)] - Entry count for : http://localhost:6187 : 1
2023-01-03 17:53:10.890 DEBUG [AsyncHttpClient-1-2] [org.asynchttpclient.netty.handler.AsyncHttpClientHandler.exceptionCaught(AsyncHttpClientHandler.java:159)] - Unexpected I/O exception on channel [id: 0xf5fa95e5, L:/127.0.0.1:60875 - R:localhost/127.0.0.1:6187]
java.net.SocketException: Connection reset
	at sun.nio.ch.SocketChannelImpl.throwConnectionReset(SocketChannelImpl.java:394) ~[?:?]
	at sun.nio.ch.SocketChannelImpl.read(SocketChannelImpl.java:426) ~[?:?]
	at io.netty.buffer.PooledByteBuf.setBytes(PooledByteBuf.java:259) ~[netty-buffer-4.1.84.Final.jar:4.1.84.Final]
	at io.netty.buffer.AbstractByteBuf.writeBytes(AbstractByteBuf.java:1132) ~[netty-buffer-4.1.84.Final.jar:4.1.84.Final]
	at io.netty.channel.socket.nio.NioSocketChannel.doReadBytes(NioSocketChannel.java:357) ~[netty-transport-4.1.84.Final.jar:4.1.84.Final]
	at io.netty.channel.nio.AbstractNioByteChannel$NioByteUnsafe.read(AbstractNioByteChannel.java:151) [netty-transport-4.1.84.Final.jar:4.1.84.Final]
	at io.netty.channel.nio.NioEventLoop.processSelectedKey(NioEventLoop.java:788) [netty-transport-4.1.84.Final.jar:4.1.84.Final]
	at io.netty.channel.nio.NioEventLoop.processSelectedKeysOptimized(NioEventLoop.java:724) [netty-transport-4.1.84.Final.jar:4.1.84.Final]
	at io.netty.channel.nio.NioEventLoop.processSelectedKeys(NioEventLoop.java:650) [netty-transport-4.1.84.Final.jar:4.1.84.Final]
	at io.netty.channel.nio.NioEventLoop.run(NioEventLoop.java:562) [netty-transport-4.1.84.Final.jar:4.1.84.Final]
	at io.netty.util.concurrent.SingleThreadEventExecutor$4.run(SingleThreadEventExecutor.java:997) [netty-common-4.1.84.Final.jar:4.1.84.Final]
	at io.netty.util.internal.ThreadExecutorMap$2.run(ThreadExecutorMap.java:74) [netty-common-4.1.84.Final.jar:4.1.84.Final]
	at io.netty.util.concurrent.FastThreadLocalRunnable.run(FastThreadLocalRunnable.java:30) [netty-common-4.1.84.Final.jar:4.1.84.Final]
	at java.lang.Thread.run(Thread.java:833) [?:?]
2023-01-03 17:53:10.902 DEBUG [AsyncHttpClient-1-2] [org.asynchttpclient.netty.channel.ChannelManager.closeChannel(ChannelManager.java:315)] - Closing Channel [id: 0xf5fa95e5, L:/127.0.0.1:60875 - R:localhost/127.0.0.1:6187] 
2023-01-03 17:53:10.903 DEBUG [AsyncHttpClient-1-2] [org.asynchttpclient.netty.handler.AsyncHttpClientHandler.channelInactive(AsyncHttpClientHandler.java:126)] - Channel Closed: [id: 0xf5fa95e5, L:/127.0.0.1:60875 ! R:localhost/127.0.0.1:6187] with attribute DISCARD
2023-01-03 17:53:10.948 DEBUG [main] [Regression.TestXpath.quit(TestXpath.java:40)] - Quit is successfull
2023-01-03 17:53:11.037 ERROR [main] [org.testng.log4testng.Logger.error(Logger.java:165)] - D:\eclipse-workspace\GeneralOne\target\surefire-reports\jquery-3.6.0.min.js
java.nio.file.FileAlreadyExistsException: D:\eclipse-workspace\GeneralOne\target\surefire-reports\jquery-3.6.0.min.js
	at sun.nio.fs.WindowsException.translateToIOException(WindowsException.java:87) ~[?:?]
	at sun.nio.fs.WindowsException.rethrowAsIOException(WindowsException.java:103) ~[?:?]
	at sun.nio.fs.WindowsException.rethrowAsIOException(WindowsException.java:108) ~[?:?]
	at sun.nio.fs.WindowsFileSystemProvider.newByteChannel(WindowsFileSystemProvider.java:236) ~[?:?]
	at java.nio.file.spi.FileSystemProvider.newOutputStream(FileSystemProvider.java:484) ~[?:?]
	at java.nio.file.Files.newOutputStream(Files.java:228) ~[?:?]
	at java.nio.file.Files.copy(Files.java:3160) ~[?:?]
	at org.testng.reporters.jq.Main.generateReport(Main.java:95) [testng-7.6.1.jar:7.6.1]
	at org.testng.TestNG.generateReports(TestNG.java:1134) [testng-7.6.1.jar:7.6.1]
	at org.testng.TestNG.run(TestNG.java:1072) [testng-7.6.1.jar:7.6.1]
	at org.apache.maven.surefire.testng.TestNGExecutor.run(TestNGExecutor.java:324) [surefire-testng-3.0.0-M7.jar:3.0.0-M7]
	at org.apache.maven.surefire.testng.TestNGXmlTestSuite.execute(TestNGXmlTestSuite.java:74) [surefire-testng-3.0.0-M7.jar:3.0.0-M7]
	at org.apache.maven.surefire.testng.TestNGProvider.invoke(TestNGProvider.java:123) [surefire-testng-3.0.0-M7.jar:3.0.0-M7]
	at org.apache.maven.surefire.booter.ForkedBooter.runSuitesInProcess(ForkedBooter.java:456) [surefire-booter-3.0.0-M7.jar:3.0.0-M7]
	at org.apache.maven.surefire.booter.ForkedBooter.execute(ForkedBooter.java:169) [surefire-booter-3.0.0-M7.jar:3.0.0-M7]
	at org.apache.maven.surefire.booter.ForkedBooter.run(ForkedBooter.java:595) [surefire-booter-3.0.0-M7.jar:3.0.0-M7]
	at org.apache.maven.surefire.booter.ForkedBooter.main(ForkedBooter.java:581) [surefire-booter-3.0.0-M7.jar:3.0.0-M7]
2023-01-03 17:53:40.713 DEBUG [main] [org.testng.log4testng.Logger.debug(Logger.java:82)] - suiteXmlPath: "D:\eclipse-workspace\GeneralOne\testng.xml"
2023-01-03 17:53:41.130 DEBUG [main] [org.testng.log4testng.Logger.debug(Logger.java:82)] - [Graph] ADDING NODE TC001.setup()[pri:0, instance:null] 1510644743
2023-01-03 17:53:41.130 DEBUG [main] [org.testng.log4testng.Logger.debug(Logger.java:82)] - [Graph] ADDING NODE TC001.reportname()[pri:0, instance:null] 799323209
2023-01-03 17:53:41.131 DEBUG [main] [org.testng.log4testng.Logger.debug(Logger.java:82)] - [Graph] ================ SORTING
2023-01-03 17:53:41.136 DEBUG [main] [org.testng.log4testng.Logger.debug(Logger.java:82)] - [Graph] =============== DONE SORTING
2023-01-03 17:53:41.136 DEBUG [main] [org.testng.log4testng.Logger.debug(Logger.java:82)] - [Graph] ====== SORTED NODES
2023-01-03 17:53:41.136 DEBUG [main] [org.testng.log4testng.Logger.debug(Logger.java:82)] - [Graph] ====== END SORTED NODES
2023-01-03 17:53:41.154 DEBUG [main] [org.testng.log4testng.Logger.debug(Logger.java:82)] - [Graph] ADDING NODE TC001.setup()[pri:0, instance:null] 1510644743
2023-01-03 17:53:41.154 DEBUG [main] [org.testng.log4testng.Logger.debug(Logger.java:82)] - [Graph] ADDING NODE TC001.reportname()[pri:0, instance:null] 799323209
2023-01-03 17:53:41.155 DEBUG [main] [org.testng.log4testng.Logger.debug(Logger.java:82)] - [Graph] ================ SORTING
2023-01-03 17:53:41.155 DEBUG [main] [org.testng.log4testng.Logger.debug(Logger.java:82)] - [Graph] =============== DONE SORTING
2023-01-03 17:53:41.155 DEBUG [main] [org.testng.log4testng.Logger.debug(Logger.java:82)] - [Graph] ====== SORTED NODES
2023-01-03 17:53:41.155 DEBUG [main] [org.testng.log4testng.Logger.debug(Logger.java:82)] - [Graph] ====== END SORTED NODES
2023-01-03 17:53:41.161 DEBUG [main] [org.testng.log4testng.Logger.debug(Logger.java:82)] - [Graph] ADDING NODE TC002.logtest2()[pri:0, instance:Regression.TC002@7e928e2f] 230846118
2023-01-03 17:53:41.162 DEBUG [main] [org.testng.log4testng.Logger.debug(Logger.java:82)] - [Graph] ADDING NODE TC002.logtest3()[pri:0, instance:Regression.TC002@7e928e2f] 230846149
2023-01-03 17:53:41.162 DEBUG [main] [org.testng.log4testng.Logger.debug(Logger.java:82)] - [Graph] ADDING NODE TC002.logtest4()[pri:0, instance:Regression.TC002@7e928e2f] 230846056
2023-01-03 17:53:41.162 DEBUG [main] [org.testng.log4testng.Logger.debug(Logger.java:82)] - [Graph] ADDING NODE TC002.logtest()[pri:0, instance:Regression.TC002@7e928e2f] 1374754224
2023-01-03 17:53:41.163 DEBUG [main] [org.testng.log4testng.Logger.debug(Logger.java:82)] - [Graph] ADDING NODE TestXpath.main1()[pri:0, instance:Regression.TestXpath@63b1d4fa] 1743086933
2023-01-03 17:53:41.163 DEBUG [main] [org.testng.log4testng.Logger.debug(Logger.java:82)] - [Graph] ================ SORTING
2023-01-03 17:53:41.164 DEBUG [main] [org.testng.log4testng.Logger.debug(Logger.java:82)] - [Graph] =============== DONE SORTING
2023-01-03 17:53:41.164 DEBUG [main] [org.testng.log4testng.Logger.debug(Logger.java:82)] - [Graph] ====== SORTED NODES
2023-01-03 17:53:41.164 DEBUG [main] [org.testng.log4testng.Logger.debug(Logger.java:82)] - [Graph] ====== END SORTED NODES
2023-01-03 17:53:41.361 DEBUG [main] [Regression.TC002.logtest(TC002.java:13)] - Log of First method
2023-01-03 17:53:41.817 DEBUG [main] [Regression.TC002.logtest2(TC002.java:23)] - Log of Second method
2023-01-03 17:53:41.830 DEBUG [main] [Regression.TC002.logtest3(TC002.java:34)] - Log of Third method
2023-01-03 17:53:41.842 DEBUG [main] [Regression.TC002.logtest4(TC002.java:45)] - Log of Four method
2023-01-03 17:53:42.378 DEBUG [main] [io.netty.util.internal.logging.InternalLoggerFactory.useSlf4JLoggerFactory(InternalLoggerFactory.java:63)] - Using SLF4J as the default logging framework
2023-01-03 17:53:42.385 DEBUG [main] [io.netty.util.ResourceLeakDetector.<clinit>(ResourceLeakDetector.java:129)] - -Dio.netty.leakDetection.level: simple
2023-01-03 17:53:42.385 DEBUG [main] [io.netty.util.ResourceLeakDetector.<clinit>(ResourceLeakDetector.java:130)] - -Dio.netty.leakDetection.targetRecords: 4
2023-01-03 17:53:42.394 DEBUG [main] [io.netty.util.ResourceLeakDetectorFactory$DefaultResourceLeakDetectorFactory.newResourceLeakDetector(ResourceLeakDetectorFactory.java:196)] - Loaded default ResourceLeakDetector: io.netty.util.ResourceLeakDetector@1ab6718
2023-01-03 17:53:42.408 DEBUG [main] [io.netty.util.internal.PlatformDependent0.explicitNoUnsafeCause0(PlatformDependent0.java:496)] - -Dio.netty.noUnsafe: false
2023-01-03 17:53:42.408 DEBUG [main] [io.netty.util.internal.PlatformDependent0.javaVersion0(PlatformDependent0.java:1000)] - Java version: 19
2023-01-03 17:53:42.410 DEBUG [main] [io.netty.util.internal.PlatformDependent0.<clinit>(PlatformDependent0.java:137)] - sun.misc.Unsafe.theUnsafe: available
2023-01-03 17:53:42.410 DEBUG [main] [io.netty.util.internal.PlatformDependent0.<clinit>(PlatformDependent0.java:161)] - sun.misc.Unsafe.copyMemory: available
2023-01-03 17:53:42.411 DEBUG [main] [io.netty.util.internal.PlatformDependent0.<clinit>(PlatformDependent0.java:193)] - sun.misc.Unsafe.storeFence: available
2023-01-03 17:53:42.412 DEBUG [main] [io.netty.util.internal.PlatformDependent0.<clinit>(PlatformDependent0.java:236)] - java.nio.Buffer.address: available
2023-01-03 17:53:42.412 DEBUG [main] [io.netty.util.internal.PlatformDependent0.<clinit>(PlatformDependent0.java:320)] - direct buffer constructor: unavailable: Reflective setAccessible(true) disabled
2023-01-03 17:53:42.413 DEBUG [main] [io.netty.util.internal.PlatformDependent0.<clinit>(PlatformDependent0.java:385)] - java.nio.Bits.unaligned: available, true
2023-01-03 17:53:42.414 DEBUG [main] [io.netty.util.internal.PlatformDependent0.<clinit>(PlatformDependent0.java:452)] - jdk.internal.misc.Unsafe.allocateUninitializedArray(int): unavailable: class io.netty.util.internal.PlatformDependent0$7 cannot access class jdk.internal.misc.Unsafe (in module java.base) because module java.base does not export jdk.internal.misc to unnamed module @393671df
2023-01-03 17:53:42.415 DEBUG [main] [io.netty.util.internal.PlatformDependent0.<clinit>(PlatformDependent0.java:482)] - java.nio.DirectByteBuffer.<init>(long, int): unavailable
2023-01-03 17:53:42.415 DEBUG [main] [io.netty.util.internal.PlatformDependent.unsafeUnavailabilityCause0(PlatformDependent.java:1159)] - sun.misc.Unsafe: available
2023-01-03 17:53:42.416 DEBUG [main] [io.netty.util.internal.PlatformDependent.estimateMaxDirectMemory(PlatformDependent.java:1270)] - maxDirectMemory: 2126512128 bytes (maybe)
2023-01-03 17:53:42.416 DEBUG [main] [io.netty.util.internal.PlatformDependent.tmpdir0(PlatformDependent.java:1289)] - -Dio.netty.tmpdir: C:\Users\mahesh.yr\AppData\Local\Temp (java.io.tmpdir)
2023-01-03 17:53:42.416 DEBUG [main] [io.netty.util.internal.PlatformDependent.bitMode0(PlatformDependent.java:1368)] - -Dio.netty.bitMode: 64 (sun.arch.data.model)
2023-01-03 17:53:42.416 DEBUG [main] [io.netty.util.internal.PlatformDependent.isWindows0(PlatformDependent.java:1119)] - Platform: Windows
2023-01-03 17:53:42.417 DEBUG [main] [io.netty.util.internal.PlatformDependent.<clinit>(PlatformDependent.java:178)] - -Dio.netty.maxDirectMemory: -1 bytes
2023-01-03 17:53:42.417 DEBUG [main] [io.netty.util.internal.PlatformDependent.<clinit>(PlatformDependent.java:185)] - -Dio.netty.uninitializedArrayAllocationThreshold: -1
2023-01-03 17:53:42.419 DEBUG [main] [io.netty.util.internal.CleanerJava9.<clinit>(CleanerJava9.java:71)] - java.nio.ByteBuffer.cleaner(): available
2023-01-03 17:53:42.419 DEBUG [main] [io.netty.util.internal.PlatformDependent.<clinit>(PlatformDependent.java:205)] - -Dio.netty.noPreferDirect: false
2023-01-03 17:53:42.426 DEBUG [main] [io.netty.util.internal.PlatformDependent$Mpsc.<clinit>(PlatformDependent.java:1010)] - org.jctools-core.MpscChunkedArrayQueue: available
2023-01-03 17:53:42.445 DEBUG [main] [io.netty.util.internal.InternalThreadLocalMap.<clinit>(InternalThreadLocalMap.java:86)] - -Dio.netty.threadLocalMap.stringBuilder.initialSize: 1024
2023-01-03 17:53:42.445 DEBUG [main] [io.netty.util.internal.InternalThreadLocalMap.<clinit>(InternalThreadLocalMap.java:89)] - -Dio.netty.threadLocalMap.stringBuilder.maxSize: 4096
2023-01-03 17:53:42.839 DEBUG [main] [io.netty.handler.ssl.JdkSslContext.<clinit>(JdkSslContext.java:83)] - Default protocols (JDK): [TLSv1.3, TLSv1.2] 
2023-01-03 17:53:42.839 DEBUG [main] [io.netty.handler.ssl.JdkSslContext.<clinit>(JdkSslContext.java:84)] - Default cipher suites (JDK): [TLS_ECDHE_ECDSA_WITH_AES_256_GCM_SHA384, TLS_ECDHE_ECDSA_WITH_AES_128_GCM_SHA256, TLS_ECDHE_RSA_WITH_AES_128_GCM_SHA256, TLS_ECDHE_RSA_WITH_AES_256_GCM_SHA384, TLS_ECDHE_RSA_WITH_AES_128_CBC_SHA, TLS_ECDHE_RSA_WITH_AES_256_CBC_SHA, TLS_RSA_WITH_AES_128_GCM_SHA256, TLS_RSA_WITH_AES_128_CBC_SHA, TLS_RSA_WITH_AES_256_CBC_SHA, TLS_AES_128_GCM_SHA256, TLS_AES_256_GCM_SHA384]
2023-01-03 17:53:42.864 DEBUG [main] [io.netty.channel.MultithreadEventLoopGroup.<clinit>(MultithreadEventLoopGroup.java:44)] - -Dio.netty.eventLoopThreads: 8
2023-01-03 17:53:42.874 DEBUG [main] [io.netty.channel.nio.NioEventLoop.<clinit>(NioEventLoop.java:110)] - -Dio.netty.noKeySetOptimization: false
2023-01-03 17:53:42.875 DEBUG [main] [io.netty.channel.nio.NioEventLoop.<clinit>(NioEventLoop.java:111)] - -Dio.netty.selectorAutoRebuildThreshold: 512
2023-01-03 17:53:42.915 DEBUG [main] [io.netty.buffer.PooledByteBufAllocator.<clinit>(PooledByteBufAllocator.java:157)] - -Dio.netty.allocator.numHeapArenas: 8
2023-01-03 17:53:42.915 DEBUG [main] [io.netty.buffer.PooledByteBufAllocator.<clinit>(PooledByteBufAllocator.java:158)] - -Dio.netty.allocator.numDirectArenas: 8
2023-01-03 17:53:42.915 DEBUG [main] [io.netty.buffer.PooledByteBufAllocator.<clinit>(PooledByteBufAllocator.java:160)] - -Dio.netty.allocator.pageSize: 8192
2023-01-03 17:53:42.916 DEBUG [main] [io.netty.buffer.PooledByteBufAllocator.<clinit>(PooledByteBufAllocator.java:165)] - -Dio.netty.allocator.maxOrder: 9
2023-01-03 17:53:42.916 DEBUG [main] [io.netty.buffer.PooledByteBufAllocator.<clinit>(PooledByteBufAllocator.java:169)] - -Dio.netty.allocator.chunkSize: 4194304
2023-01-03 17:53:42.916 DEBUG [main] [io.netty.buffer.PooledByteBufAllocator.<clinit>(PooledByteBufAllocator.java:170)] - -Dio.netty.allocator.smallCacheSize: 256
2023-01-03 17:53:42.916 DEBUG [main] [io.netty.buffer.PooledByteBufAllocator.<clinit>(PooledByteBufAllocator.java:171)] - -Dio.netty.allocator.normalCacheSize: 64
2023-01-03 17:53:42.916 DEBUG [main] [io.netty.buffer.PooledByteBufAllocator.<clinit>(PooledByteBufAllocator.java:172)] - -Dio.netty.allocator.maxCachedBufferCapacity: 32768
2023-01-03 17:53:42.916 DEBUG [main] [io.netty.buffer.PooledByteBufAllocator.<clinit>(PooledByteBufAllocator.java:173)] - -Dio.netty.allocator.cacheTrimInterval: 8192
2023-01-03 17:53:42.916 DEBUG [main] [io.netty.buffer.PooledByteBufAllocator.<clinit>(PooledByteBufAllocator.java:174)] - -Dio.netty.allocator.cacheTrimIntervalMillis: 0
2023-01-03 17:53:42.916 DEBUG [main] [io.netty.buffer.PooledByteBufAllocator.<clinit>(PooledByteBufAllocator.java:175)] - -Dio.netty.allocator.useCacheForAllThreads: false
2023-01-03 17:53:42.916 DEBUG [main] [io.netty.buffer.PooledByteBufAllocator.<clinit>(PooledByteBufAllocator.java:176)] - -Dio.netty.allocator.maxCachedByteBuffersPerChunk: 1023
2023-01-03 17:53:42.926 DEBUG [main] [io.netty.buffer.ByteBufUtil.<clinit>(ByteBufUtil.java:87)] - -Dio.netty.allocator.type: pooled
2023-01-03 17:53:42.926 DEBUG [main] [io.netty.buffer.ByteBufUtil.<clinit>(ByteBufUtil.java:96)] - -Dio.netty.threadLocalDirectBufferSize: 0
2023-01-03 17:53:42.926 DEBUG [main] [io.netty.buffer.ByteBufUtil.<clinit>(ByteBufUtil.java:99)] - -Dio.netty.maxThreadLocalCharBufferSize: 16384
2023-01-03 17:53:43.281 DEBUG [Forwarding newSession on session null to remote] [io.netty.channel.DefaultChannelId.<clinit>(DefaultChannelId.java:79)] - -Dio.netty.processId: 12308 (auto-detected)
2023-01-03 17:53:43.283 DEBUG [Forwarding newSession on session null to remote] [io.netty.util.NetUtil.<clinit>(NetUtil.java:136)] - -Djava.net.preferIPv4Stack: false
2023-01-03 17:53:43.283 DEBUG [Forwarding newSession on session null to remote] [io.netty.util.NetUtil.<clinit>(NetUtil.java:137)] - -Djava.net.preferIPv6Addresses: false
2023-01-03 17:53:43.288 DEBUG [Forwarding newSession on session null to remote] [io.netty.util.NetUtilInitializations.determineLoopback(NetUtilInitializations.java:129)] - Loopback interface: lo (Software Loopback Interface 1, 127.0.0.1)
2023-01-03 17:53:43.289 DEBUG [Forwarding newSession on session null to remote] [io.netty.util.NetUtil$SoMaxConnAction.run(NetUtil.java:191)] - Failed to get SOMAXCONN from sysctl and file \proc\sys\net\core\somaxconn. Default: 200
2023-01-03 17:53:43.297 DEBUG [Forwarding newSession on session null to remote] [io.netty.channel.DefaultChannelId.<clinit>(DefaultChannelId.java:101)] - -Dio.netty.machineId: 1c:1b:0d:ff:fe:c6:e5:c7 (auto-detected)
2023-01-03 17:53:43.347 DEBUG [AsyncHttpClient-1-2] [io.netty.buffer.AbstractByteBuf.<clinit>(AbstractByteBuf.java:63)] - -Dio.netty.buffer.checkAccessible: true
2023-01-03 17:53:43.347 DEBUG [AsyncHttpClient-1-2] [io.netty.buffer.AbstractByteBuf.<clinit>(AbstractByteBuf.java:64)] - -Dio.netty.buffer.checkBounds: true
2023-01-03 17:53:43.347 DEBUG [AsyncHttpClient-1-2] [io.netty.util.ResourceLeakDetectorFactory$DefaultResourceLeakDetectorFactory.newResourceLeakDetector(ResourceLeakDetectorFactory.java:196)] - Loaded default ResourceLeakDetector: io.netty.util.ResourceLeakDetector@43a34f15
2023-01-03 17:53:43.363 DEBUG [AsyncHttpClient-1-2] [org.asynchttpclient.netty.channel.NettyConnectListener.writeRequest(NettyConnectListener.java:73)] - Using new Channel '[id: 0x1e0f9261, L:/127.0.0.1:60972 - R:localhost/127.0.0.1:19823]' for 'POST' to '/session'
2023-01-03 17:53:43.373 DEBUG [AsyncHttpClient-1-2] [io.netty.util.Recycler.<clinit>(Recycler.java:85)] - -Dio.netty.recycler.maxCapacityPerThread: 4096
2023-01-03 17:53:43.373 DEBUG [AsyncHttpClient-1-2] [io.netty.util.Recycler.<clinit>(Recycler.java:86)] - -Dio.netty.recycler.ratio: 8
2023-01-03 17:53:43.373 DEBUG [AsyncHttpClient-1-2] [io.netty.util.Recycler.<clinit>(Recycler.java:87)] - -Dio.netty.recycler.chunkSize: 32
2023-01-03 17:53:43.373 DEBUG [AsyncHttpClient-1-2] [io.netty.util.Recycler.<clinit>(Recycler.java:88)] - -Dio.netty.recycler.blocking: false
2023-01-03 17:53:44.188 DEBUG [AsyncHttpClient-1-2] [io.netty.handler.codec.compression.Brotli.<clinit>(Brotli.java:38)] - brotli4j not in the classpath; Brotli support will be unavailable.
2023-01-03 17:53:44.191 DEBUG [AsyncHttpClient-1-2] [org.asynchttpclient.netty.handler.HttpHandler.handleHttpResponse(HttpHandler.java:70)] - 

Request DefaultHttpRequest(decodeResult: success, version: HTTP/1.1)
POST /session HTTP/1.1
User-Agent: selenium/4.7.0 (java windows)
Content-Length: 505
Content-Type: application/json; charset=utf-8
host: localhost:19823
accept: */*

Response DefaultHttpResponse(decodeResult: success, version: HTTP/1.1)
HTTP/1.1 200 OK
Content-Type: application/json; charset=utf-8
cache-control: no-cache
content-length: 794

2023-01-03 17:53:44.197 DEBUG [AsyncHttpClient-1-2] [org.asynchttpclient.netty.channel.ChannelManager.tryToOfferChannelToPool(ChannelManager.java:270)] - Adding key: http://localhost:19823 for channel [id: 0x1e0f9261, L:/127.0.0.1:60972 - R:localhost/127.0.0.1:19823]
2023-01-03 17:53:44.268 DEBUG [AsyncHttpClient-1-3] [org.asynchttpclient.netty.channel.NettyConnectListener.writeRequest(NettyConnectListener.java:73)] - Using new Channel '[id: 0xf2e555c9, L:/127.0.0.1:60978 - R:localhost/127.0.0.1:60973]' for 'GET' to '/json/version'
2023-01-03 17:53:44.271 DEBUG [AsyncHttpClient-1-3] [org.asynchttpclient.netty.handler.HttpHandler.handleHttpResponse(HttpHandler.java:70)] - 

Request DefaultFullHttpRequest(decodeResult: success, version: HTTP/1.1, content: EmptyByteBufBE)
GET /json/version HTTP/1.1
User-Agent: selenium/4.7.0 (java windows)
host: localhost:60973
accept: */*

Response DefaultHttpResponse(decodeResult: success, version: HTTP/1.1)
HTTP/1.1 200 OK
Content-Type: application/json; charset=UTF-8
content-length: 424

2023-01-03 17:53:44.271 DEBUG [AsyncHttpClient-1-3] [org.asynchttpclient.netty.channel.ChannelManager.tryToOfferChannelToPool(ChannelManager.java:270)] - Adding key: http://localhost:60973 for channel [id: 0xf2e555c9, L:/127.0.0.1:60978 - R:localhost/127.0.0.1:60973]
2023-01-03 17:53:44.278 DEBUG [main] [io.netty.util.internal.ThreadLocalRandom.newSeed(ThreadLocalRandom.java:214)] - -Dio.netty.initialSeedUniquifier: 0xa5f75f1e423ec7db
2023-01-03 17:53:44.326 DEBUG [AsyncHttpClient-1-4] [org.asynchttpclient.netty.channel.NettyConnectListener.writeRequest(NettyConnectListener.java:73)] - Using new Channel '[id: 0xc79b0b91, L:/127.0.0.1:60979 - R:localhost/127.0.0.1:60973]' for 'GET' to '/devtools/browser/927c6cf7-0655-441e-abd2-5f38d69cafaa'
2023-01-03 17:53:44.378 DEBUG [AsyncHttpClient-1-4] [org.asynchttpclient.netty.handler.WebSocketHandler.handleRead(WebSocketHandler.java:105)] - 

Request DefaultFullHttpRequest(decodeResult: success, version: HTTP/1.1, content: EmptyByteBufBE)
GET /devtools/browser/927c6cf7-0655-441e-abd2-5f38d69cafaa HTTP/1.1
upgrade: websocket
connection: upgrade
sec-websocket-key: CEtbpSn2PVEdLI7InuhT0A==
sec-websocket-version: 13
origin: http://localhost:60973
host: localhost:60973
accept: */*
user-agent: AHC/2.1

Response DefaultHttpResponse(decodeResult: success, version: HTTP/1.1)
HTTP/1.1 101 WebSocket Protocol Handshake
Upgrade: WebSocket
Connection: Upgrade
Sec-WebSocket-Accept: 3N2O6AM4aktwImTxlK4D+sk2x6I=

2023-01-03 17:53:44.504 DEBUG [Forwarding get on session 3e5c03f92df378ab1695539490635599 to remote] [org.asynchttpclient.netty.request.NettyRequestSender.pollPooledChannel(NettyRequestSender.java:593)] - Using pooled Channel '[id: 0x1e0f9261, L:/127.0.0.1:60972 - R:localhost/127.0.0.1:19823]' for 'POST' to 'http://localhost:19823/session/3e5c03f92df378ab1695539490635599/url'
2023-01-03 17:53:44.504 DEBUG [Forwarding get on session 3e5c03f92df378ab1695539490635599 to remote] [org.asynchttpclient.netty.request.NettyRequestSender.sendRequestWithOpenChannel(NettyRequestSender.java:251)] - Using open Channel [id: 0x1e0f9261, L:/127.0.0.1:60972 - R:localhost/127.0.0.1:19823] for POST '/session/3e5c03f92df378ab1695539490635599/url'
2023-01-03 17:53:45.031 DEBUG [AsyncHttpClient-1-1] [org.asynchttpclient.netty.channel.DefaultChannelPool$IdleChannelDetector.run(DefaultChannelPool.java:348)] - Entry count for : http://localhost:60973 : 1
2023-01-03 17:53:46.136 DEBUG [AsyncHttpClient-1-1] [org.asynchttpclient.netty.channel.DefaultChannelPool$IdleChannelDetector.run(DefaultChannelPool.java:348)] - Entry count for : http://localhost:60973 : 1
2023-01-03 17:53:47.236 DEBUG [AsyncHttpClient-1-1] [org.asynchttpclient.netty.channel.DefaultChannelPool$IdleChannelDetector.run(DefaultChannelPool.java:348)] - Entry count for : http://localhost:60973 : 1
2023-01-03 17:53:48.332 DEBUG [AsyncHttpClient-1-1] [org.asynchttpclient.netty.channel.DefaultChannelPool$IdleChannelDetector.run(DefaultChannelPool.java:348)] - Entry count for : http://localhost:60973 : 1
2023-01-03 17:53:49.432 DEBUG [AsyncHttpClient-1-1] [org.asynchttpclient.netty.channel.DefaultChannelPool$IdleChannelDetector.run(DefaultChannelPool.java:348)] - Entry count for : http://localhost:60973 : 1
2023-01-03 17:53:50.532 DEBUG [AsyncHttpClient-1-1] [org.asynchttpclient.netty.channel.DefaultChannelPool$IdleChannelDetector.run(DefaultChannelPool.java:348)] - Entry count for : http://localhost:60973 : 1
2023-01-03 17:53:51.633 DEBUG [AsyncHttpClient-1-1] [org.asynchttpclient.netty.channel.DefaultChannelPool$IdleChannelDetector.run(DefaultChannelPool.java:348)] - Entry count for : http://localhost:60973 : 1
2023-01-03 17:53:52.732 DEBUG [AsyncHttpClient-1-1] [org.asynchttpclient.netty.channel.DefaultChannelPool$IdleChannelDetector.run(DefaultChannelPool.java:348)] - Entry count for : http://localhost:60973 : 1
2023-01-03 17:53:53.832 DEBUG [AsyncHttpClient-1-1] [org.asynchttpclient.netty.channel.DefaultChannelPool$IdleChannelDetector.run(DefaultChannelPool.java:348)] - Entry count for : http://localhost:60973 : 1
2023-01-03 17:53:54.933 DEBUG [AsyncHttpClient-1-1] [org.asynchttpclient.netty.channel.DefaultChannelPool$IdleChannelDetector.run(DefaultChannelPool.java:348)] - Entry count for : http://localhost:60973 : 1
2023-01-03 17:53:56.035 DEBUG [AsyncHttpClient-1-1] [org.asynchttpclient.netty.channel.DefaultChannelPool$IdleChannelDetector.run(DefaultChannelPool.java:348)] - Entry count for : http://localhost:60973 : 1
2023-01-03 17:53:57.136 DEBUG [AsyncHttpClient-1-1] [org.asynchttpclient.netty.channel.DefaultChannelPool$IdleChannelDetector.run(DefaultChannelPool.java:348)] - Entry count for : http://localhost:60973 : 1
2023-01-03 17:53:58.246 DEBUG [AsyncHttpClient-1-1] [org.asynchttpclient.netty.channel.DefaultChannelPool$IdleChannelDetector.run(DefaultChannelPool.java:348)] - Entry count for : http://localhost:60973 : 1
2023-01-03 17:53:59.337 DEBUG [AsyncHttpClient-1-1] [org.asynchttpclient.netty.channel.DefaultChannelPool$IdleChannelDetector.run(DefaultChannelPool.java:348)] - Entry count for : http://localhost:60973 : 1
2023-01-03 17:54:00.432 DEBUG [AsyncHttpClient-1-1] [org.asynchttpclient.netty.channel.DefaultChannelPool$IdleChannelDetector.run(DefaultChannelPool.java:348)] - Entry count for : http://localhost:60973 : 1
2023-01-03 17:54:01.534 DEBUG [AsyncHttpClient-1-1] [org.asynchttpclient.netty.channel.DefaultChannelPool$IdleChannelDetector.run(DefaultChannelPool.java:348)] - Entry count for : http://localhost:60973 : 1
2023-01-03 17:54:02.639 DEBUG [AsyncHttpClient-1-1] [org.asynchttpclient.netty.channel.DefaultChannelPool$IdleChannelDetector.run(DefaultChannelPool.java:348)] - Entry count for : http://localhost:60973 : 1
2023-01-03 17:54:02.711 DEBUG [AsyncHttpClient-1-2] [org.asynchttpclient.netty.handler.HttpHandler.handleHttpResponse(HttpHandler.java:70)] - 

Request DefaultHttpRequest(decodeResult: success, version: HTTP/1.1)
POST /session/3e5c03f92df378ab1695539490635599/url HTTP/1.1
User-Agent: selenium/4.7.0 (java windows)
Content-Length: 116
Content-Type: application/json; charset=utf-8
host: localhost:19823
accept: */*

Response DefaultHttpResponse(decodeResult: success, version: HTTP/1.1)
HTTP/1.1 200 OK
Content-Type: application/json; charset=utf-8
cache-control: no-cache
content-length: 14

2023-01-03 17:54:02.712 DEBUG [AsyncHttpClient-1-2] [org.asynchttpclient.netty.channel.ChannelManager.tryToOfferChannelToPool(ChannelManager.java:270)] - Adding key: http://localhost:19823 for channel [id: 0x1e0f9261, L:/127.0.0.1:60972 - R:localhost/127.0.0.1:19823]
2023-01-03 17:54:02.719 DEBUG [Forwarding setTimeout on session 3e5c03f92df378ab1695539490635599 to remote] [org.asynchttpclient.netty.request.NettyRequestSender.pollPooledChannel(NettyRequestSender.java:593)] - Using pooled Channel '[id: 0x1e0f9261, L:/127.0.0.1:60972 - R:localhost/127.0.0.1:19823]' for 'POST' to 'http://localhost:19823/session/3e5c03f92df378ab1695539490635599/timeouts'
2023-01-03 17:54:02.719 DEBUG [Forwarding setTimeout on session 3e5c03f92df378ab1695539490635599 to remote] [org.asynchttpclient.netty.request.NettyRequestSender.sendRequestWithOpenChannel(NettyRequestSender.java:251)] - Using open Channel [id: 0x1e0f9261, L:/127.0.0.1:60972 - R:localhost/127.0.0.1:19823] for POST '/session/3e5c03f92df378ab1695539490635599/timeouts'
2023-01-03 17:54:02.721 DEBUG [AsyncHttpClient-1-2] [org.asynchttpclient.netty.handler.HttpHandler.handleHttpResponse(HttpHandler.java:70)] - 

Request DefaultHttpRequest(decodeResult: success, version: HTTP/1.1)
POST /session/3e5c03f92df378ab1695539490635599/timeouts HTTP/1.1
User-Agent: selenium/4.7.0 (java windows)
Content-Length: 23
Content-Type: application/json; charset=utf-8
host: localhost:19823
accept: */*

Response DefaultHttpResponse(decodeResult: success, version: HTTP/1.1)
HTTP/1.1 200 OK
Content-Type: application/json; charset=utf-8
cache-control: no-cache
content-length: 14

2023-01-03 17:54:02.722 DEBUG [AsyncHttpClient-1-2] [org.asynchttpclient.netty.channel.ChannelManager.tryToOfferChannelToPool(ChannelManager.java:270)] - Adding key: http://localhost:19823 for channel [id: 0x1e0f9261, L:/127.0.0.1:60972 - R:localhost/127.0.0.1:19823]
2023-01-03 17:54:02.727 DEBUG [Forwarding maximizeCurrentWindow on session 3e5c03f92df378ab1695539490635599 to remote] [org.asynchttpclient.netty.request.NettyRequestSender.pollPooledChannel(NettyRequestSender.java:593)] - Using pooled Channel '[id: 0x1e0f9261, L:/127.0.0.1:60972 - R:localhost/127.0.0.1:19823]' for 'POST' to 'http://localhost:19823/session/3e5c03f92df378ab1695539490635599/window/maximize'
2023-01-03 17:54:02.727 DEBUG [Forwarding maximizeCurrentWindow on session 3e5c03f92df378ab1695539490635599 to remote] [org.asynchttpclient.netty.request.NettyRequestSender.sendRequestWithOpenChannel(NettyRequestSender.java:251)] - Using open Channel [id: 0x1e0f9261, L:/127.0.0.1:60972 - R:localhost/127.0.0.1:19823] for POST '/session/3e5c03f92df378ab1695539490635599/window/maximize'
2023-01-03 17:54:03.150 DEBUG [AsyncHttpClient-1-2] [org.asynchttpclient.netty.handler.HttpHandler.handleHttpResponse(HttpHandler.java:70)] - 

Request DefaultHttpRequest(decodeResult: success, version: HTTP/1.1)
POST /session/3e5c03f92df378ab1695539490635599/window/maximize HTTP/1.1
User-Agent: selenium/4.7.0 (java windows)
Content-Length: 3
Content-Type: application/json; charset=utf-8
host: localhost:19823
accept: */*

Response DefaultHttpResponse(decodeResult: success, version: HTTP/1.1)
HTTP/1.1 200 OK
Content-Type: application/json; charset=utf-8
cache-control: no-cache
content-length: 51

2023-01-03 17:54:03.150 DEBUG [AsyncHttpClient-1-2] [org.asynchttpclient.netty.channel.ChannelManager.tryToOfferChannelToPool(ChannelManager.java:270)] - Adding key: http://localhost:19823 for channel [id: 0x1e0f9261, L:/127.0.0.1:60972 - R:localhost/127.0.0.1:19823]
2023-01-03 17:54:03.152 DEBUG [main] [Regression.TestXpath.set(TestXpath.java:33)] - Setup is successfull
2023-01-03 17:54:03.154 DEBUG [Forwarding findElement on session 3e5c03f92df378ab1695539490635599 to remote] [org.asynchttpclient.netty.request.NettyRequestSender.pollPooledChannel(NettyRequestSender.java:593)] - Using pooled Channel '[id: 0x1e0f9261, L:/127.0.0.1:60972 - R:localhost/127.0.0.1:19823]' for 'POST' to 'http://localhost:19823/session/3e5c03f92df378ab1695539490635599/element'
2023-01-03 17:54:03.154 DEBUG [Forwarding findElement on session 3e5c03f92df378ab1695539490635599 to remote] [org.asynchttpclient.netty.request.NettyRequestSender.sendRequestWithOpenChannel(NettyRequestSender.java:251)] - Using open Channel [id: 0x1e0f9261, L:/127.0.0.1:60972 - R:localhost/127.0.0.1:19823] for POST '/session/3e5c03f92df378ab1695539490635599/element'
2023-01-03 17:54:03.732 DEBUG [AsyncHttpClient-1-1] [org.asynchttpclient.netty.channel.DefaultChannelPool$IdleChannelDetector.run(DefaultChannelPool.java:348)] - Entry count for : http://localhost:60973 : 1
2023-01-03 17:54:04.835 DEBUG [AsyncHttpClient-1-1] [org.asynchttpclient.netty.channel.DefaultChannelPool$IdleChannelDetector.run(DefaultChannelPool.java:348)] - Entry count for : http://localhost:60973 : 1
2023-01-03 17:54:05.687 DEBUG [AsyncHttpClient-1-2] [org.asynchttpclient.netty.handler.HttpHandler.handleHttpResponse(HttpHandler.java:70)] - 

Request DefaultHttpRequest(decodeResult: success, version: HTTP/1.1)
POST /session/3e5c03f92df378ab1695539490635599/element HTTP/1.1
User-Agent: selenium/4.7.0 (java windows)
Content-Length: 72
Content-Type: application/json; charset=utf-8
host: localhost:19823
accept: */*

Response DefaultHttpResponse(decodeResult: success, version: HTTP/1.1)
HTTP/1.1 200 OK
Content-Type: application/json; charset=utf-8
cache-control: no-cache
content-length: 88

2023-01-03 17:54:05.687 DEBUG [AsyncHttpClient-1-2] [org.asynchttpclient.netty.channel.ChannelManager.tryToOfferChannelToPool(ChannelManager.java:270)] - Adding key: http://localhost:19823 for channel [id: 0x1e0f9261, L:/127.0.0.1:60972 - R:localhost/127.0.0.1:19823]
2023-01-03 17:54:05.693 DEBUG [Forwarding clickElement on session 3e5c03f92df378ab1695539490635599 to remote] [org.asynchttpclient.netty.request.NettyRequestSender.pollPooledChannel(NettyRequestSender.java:593)] - Using pooled Channel '[id: 0x1e0f9261, L:/127.0.0.1:60972 - R:localhost/127.0.0.1:19823]' for 'POST' to 'http://localhost:19823/session/3e5c03f92df378ab1695539490635599/element/801f749a-0a4b-4ea7-8754-0220bacb0de6/click'
2023-01-03 17:54:05.693 DEBUG [Forwarding clickElement on session 3e5c03f92df378ab1695539490635599 to remote] [org.asynchttpclient.netty.request.NettyRequestSender.sendRequestWithOpenChannel(NettyRequestSender.java:251)] - Using open Channel [id: 0x1e0f9261, L:/127.0.0.1:60972 - R:localhost/127.0.0.1:19823] for POST '/session/3e5c03f92df378ab1695539490635599/element/801f749a-0a4b-4ea7-8754-0220bacb0de6/click'
2023-01-03 17:54:05.817 DEBUG [AsyncHttpClient-1-2] [org.asynchttpclient.netty.handler.HttpHandler.handleHttpResponse(HttpHandler.java:70)] - 

Request DefaultHttpRequest(decodeResult: success, version: HTTP/1.1)
POST /session/3e5c03f92df378ab1695539490635599/element/801f749a-0a4b-4ea7-8754-0220bacb0de6/click HTTP/1.1
User-Agent: selenium/4.7.0 (java windows)
Content-Length: 50
Content-Type: application/json; charset=utf-8
host: localhost:19823
accept: */*

Response DefaultHttpResponse(decodeResult: success, version: HTTP/1.1)
HTTP/1.1 200 OK
Content-Type: application/json; charset=utf-8
cache-control: no-cache
content-length: 14

2023-01-03 17:54:05.817 DEBUG [AsyncHttpClient-1-2] [org.asynchttpclient.netty.channel.ChannelManager.tryToOfferChannelToPool(ChannelManager.java:270)] - Adding key: http://localhost:19823 for channel [id: 0x1e0f9261, L:/127.0.0.1:60972 - R:localhost/127.0.0.1:19823]
2023-01-03 17:54:05.822 DEBUG [Forwarding findElement on session 3e5c03f92df378ab1695539490635599 to remote] [org.asynchttpclient.netty.request.NettyRequestSender.pollPooledChannel(NettyRequestSender.java:593)] - Using pooled Channel '[id: 0x1e0f9261, L:/127.0.0.1:60972 - R:localhost/127.0.0.1:19823]' for 'POST' to 'http://localhost:19823/session/3e5c03f92df378ab1695539490635599/element'
2023-01-03 17:54:05.823 DEBUG [Forwarding findElement on session 3e5c03f92df378ab1695539490635599 to remote] [org.asynchttpclient.netty.request.NettyRequestSender.sendRequestWithOpenChannel(NettyRequestSender.java:251)] - Using open Channel [id: 0x1e0f9261, L:/127.0.0.1:60972 - R:localhost/127.0.0.1:19823] for POST '/session/3e5c03f92df378ab1695539490635599/element'
2023-01-03 17:54:05.933 DEBUG [AsyncHttpClient-1-1] [org.asynchttpclient.netty.channel.DefaultChannelPool$IdleChannelDetector.run(DefaultChannelPool.java:348)] - Entry count for : http://localhost:60973 : 1
2023-01-03 17:54:06.178 DEBUG [AsyncHttpClient-1-2] [org.asynchttpclient.netty.handler.HttpHandler.handleHttpResponse(HttpHandler.java:70)] - 

Request DefaultHttpRequest(decodeResult: success, version: HTTP/1.1)
POST /session/3e5c03f92df378ab1695539490635599/element HTTP/1.1
User-Agent: selenium/4.7.0 (java windows)
Content-Length: 53
Content-Type: application/json; charset=utf-8
host: localhost:19823
accept: */*

Response DefaultHttpResponse(decodeResult: success, version: HTTP/1.1)
HTTP/1.1 200 OK
Content-Type: application/json; charset=utf-8
cache-control: no-cache
content-length: 88

2023-01-03 17:54:06.179 DEBUG [AsyncHttpClient-1-2] [org.asynchttpclient.netty.channel.ChannelManager.tryToOfferChannelToPool(ChannelManager.java:270)] - Adding key: http://localhost:19823 for channel [id: 0x1e0f9261, L:/127.0.0.1:60972 - R:localhost/127.0.0.1:19823]
2023-01-03 17:54:06.185 DEBUG [Forwarding sendKeysToElement on session 3e5c03f92df378ab1695539490635599 to remote] [org.asynchttpclient.netty.request.NettyRequestSender.pollPooledChannel(NettyRequestSender.java:593)] - Using pooled Channel '[id: 0x1e0f9261, L:/127.0.0.1:60972 - R:localhost/127.0.0.1:19823]' for 'POST' to 'http://localhost:19823/session/3e5c03f92df378ab1695539490635599/element/c0e4eeda-0fa2-46de-9613-0ff7d45c2275/value'
2023-01-03 17:54:06.186 DEBUG [Forwarding sendKeysToElement on session 3e5c03f92df378ab1695539490635599 to remote] [org.asynchttpclient.netty.request.NettyRequestSender.sendRequestWithOpenChannel(NettyRequestSender.java:251)] - Using open Channel [id: 0x1e0f9261, L:/127.0.0.1:60972 - R:localhost/127.0.0.1:19823] for POST '/session/3e5c03f92df378ab1695539490635599/element/c0e4eeda-0fa2-46de-9613-0ff7d45c2275/value'
2023-01-03 17:54:06.229 DEBUG [AsyncHttpClient-1-2] [org.asynchttpclient.netty.handler.HttpHandler.handleHttpResponse(HttpHandler.java:70)] - 

Request DefaultHttpRequest(decodeResult: success, version: HTTP/1.1)
POST /session/3e5c03f92df378ab1695539490635599/element/c0e4eeda-0fa2-46de-9613-0ff7d45c2275/value HTTP/1.1
User-Agent: selenium/4.7.0 (java windows)
Content-Length: 721
Content-Type: application/json; charset=utf-8
host: localhost:19823
accept: */*

Response DefaultHttpResponse(decodeResult: success, version: HTTP/1.1)
HTTP/1.1 200 OK
Content-Type: application/json; charset=utf-8
cache-control: no-cache
content-length: 14

2023-01-03 17:54:06.229 DEBUG [AsyncHttpClient-1-2] [org.asynchttpclient.netty.channel.ChannelManager.tryToOfferChannelToPool(ChannelManager.java:270)] - Adding key: http://localhost:19823 for channel [id: 0x1e0f9261, L:/127.0.0.1:60972 - R:localhost/127.0.0.1:19823]
2023-01-03 17:54:06.231 DEBUG [Forwarding findElement on session 3e5c03f92df378ab1695539490635599 to remote] [org.asynchttpclient.netty.request.NettyRequestSender.pollPooledChannel(NettyRequestSender.java:593)] - Using pooled Channel '[id: 0x1e0f9261, L:/127.0.0.1:60972 - R:localhost/127.0.0.1:19823]' for 'POST' to 'http://localhost:19823/session/3e5c03f92df378ab1695539490635599/element'
2023-01-03 17:54:06.231 DEBUG [Forwarding findElement on session 3e5c03f92df378ab1695539490635599 to remote] [org.asynchttpclient.netty.request.NettyRequestSender.sendRequestWithOpenChannel(NettyRequestSender.java:251)] - Using open Channel [id: 0x1e0f9261, L:/127.0.0.1:60972 - R:localhost/127.0.0.1:19823] for POST '/session/3e5c03f92df378ab1695539490635599/element'
2023-01-03 17:54:06.251 DEBUG [AsyncHttpClient-1-2] [org.asynchttpclient.netty.handler.HttpHandler.handleHttpResponse(HttpHandler.java:70)] - 

Request DefaultHttpRequest(decodeResult: success, version: HTTP/1.1)
POST /session/3e5c03f92df378ab1695539490635599/element HTTP/1.1
User-Agent: selenium/4.7.0 (java windows)
Content-Length: 66
Content-Type: application/json; charset=utf-8
host: localhost:19823
accept: */*

Response DefaultHttpResponse(decodeResult: success, version: HTTP/1.1)
HTTP/1.1 200 OK
Content-Type: application/json; charset=utf-8
cache-control: no-cache
content-length: 88

2023-01-03 17:54:06.252 DEBUG [AsyncHttpClient-1-2] [org.asynchttpclient.netty.channel.ChannelManager.tryToOfferChannelToPool(ChannelManager.java:270)] - Adding key: http://localhost:19823 for channel [id: 0x1e0f9261, L:/127.0.0.1:60972 - R:localhost/127.0.0.1:19823]
2023-01-03 17:54:06.254 DEBUG [Forwarding clickElement on session 3e5c03f92df378ab1695539490635599 to remote] [org.asynchttpclient.netty.request.NettyRequestSender.pollPooledChannel(NettyRequestSender.java:593)] - Using pooled Channel '[id: 0x1e0f9261, L:/127.0.0.1:60972 - R:localhost/127.0.0.1:19823]' for 'POST' to 'http://localhost:19823/session/3e5c03f92df378ab1695539490635599/element/7c602fe2-8ab3-454c-842c-2b3287b2b4c9/click'
2023-01-03 17:54:06.254 DEBUG [Forwarding clickElement on session 3e5c03f92df378ab1695539490635599 to remote] [org.asynchttpclient.netty.request.NettyRequestSender.sendRequestWithOpenChannel(NettyRequestSender.java:251)] - Using open Channel [id: 0x1e0f9261, L:/127.0.0.1:60972 - R:localhost/127.0.0.1:19823] for POST '/session/3e5c03f92df378ab1695539490635599/element/7c602fe2-8ab3-454c-842c-2b3287b2b4c9/click'
2023-01-03 17:54:06.301 DEBUG [AsyncHttpClient-1-2] [org.asynchttpclient.netty.handler.HttpHandler.handleHttpResponse(HttpHandler.java:70)] - 

Request DefaultHttpRequest(decodeResult: success, version: HTTP/1.1)
POST /session/3e5c03f92df378ab1695539490635599/element/7c602fe2-8ab3-454c-842c-2b3287b2b4c9/click HTTP/1.1
User-Agent: selenium/4.7.0 (java windows)
Content-Length: 50
Content-Type: application/json; charset=utf-8
host: localhost:19823
accept: */*

Response DefaultHttpResponse(decodeResult: success, version: HTTP/1.1)
HTTP/1.1 200 OK
Content-Type: application/json; charset=utf-8
cache-control: no-cache
content-length: 14

2023-01-03 17:54:06.302 DEBUG [AsyncHttpClient-1-2] [org.asynchttpclient.netty.channel.ChannelManager.tryToOfferChannelToPool(ChannelManager.java:270)] - Adding key: http://localhost:19823 for channel [id: 0x1e0f9261, L:/127.0.0.1:60972 - R:localhost/127.0.0.1:19823]
2023-01-03 17:54:07.033 DEBUG [AsyncHttpClient-1-1] [org.asynchttpclient.netty.channel.DefaultChannelPool$IdleChannelDetector.run(DefaultChannelPool.java:348)] - Entry count for : http://localhost:19823 : 1
2023-01-03 17:54:07.033 DEBUG [AsyncHttpClient-1-1] [org.asynchttpclient.netty.channel.DefaultChannelPool$IdleChannelDetector.run(DefaultChannelPool.java:348)] - Entry count for : http://localhost:60973 : 1
2023-01-03 17:54:08.137 DEBUG [AsyncHttpClient-1-1] [org.asynchttpclient.netty.channel.DefaultChannelPool$IdleChannelDetector.run(DefaultChannelPool.java:348)] - Entry count for : http://localhost:19823 : 1
2023-01-03 17:54:08.138 DEBUG [AsyncHttpClient-1-1] [org.asynchttpclient.netty.channel.DefaultChannelPool$IdleChannelDetector.run(DefaultChannelPool.java:348)] - Entry count for : http://localhost:60973 : 1
2023-01-03 17:54:08.313 DEBUG [Driver Command Executor] [org.asynchttpclient.netty.request.NettyRequestSender.pollPooledChannel(NettyRequestSender.java:593)] - Using pooled Channel '[id: 0x1e0f9261, L:/127.0.0.1:60972 - R:localhost/127.0.0.1:19823]' for 'DELETE' to 'http://localhost:19823/session/3e5c03f92df378ab1695539490635599'
2023-01-03 17:54:08.313 DEBUG [Driver Command Executor] [org.asynchttpclient.netty.request.NettyRequestSender.sendRequestWithOpenChannel(NettyRequestSender.java:251)] - Using open Channel [id: 0x1e0f9261, L:/127.0.0.1:60972 - R:localhost/127.0.0.1:19823] for DELETE '/session/3e5c03f92df378ab1695539490635599'
2023-01-03 17:54:08.314 DEBUG [AsyncHttpClient-1-4] [org.asynchttpclient.netty.handler.AsyncHttpClientHandler.channelInactive(AsyncHttpClientHandler.java:126)] - Channel Closed: [id: 0xc79b0b91, L:/127.0.0.1:60979 ! R:localhost/127.0.0.1:60973] with attribute NettyResponseFuture{currentRetry=0,
	isDone=1,
	isCancelled=0,
	asyncHandler=org.asynchttpclient.ws.WebSocketUpgradeHandler@13d5171,
	nettyRequest=org.asynchttpclient.netty.request.NettyRequest@50a4808c,
	future=java.util.concurrent.CompletableFuture@663ced6c[Completed normally],
	uri=ws://localhost:60973/devtools/browser/927c6cf7-0655-441e-abd2-5f38d69cafaa,
	keepAlive=true,
	redirectCount=0,
	timeoutsHolder=null,
	inAuth=0,
	touch=1672748624387}
2023-01-03 17:54:08.315 DEBUG [AsyncHttpClient-1-4] [org.asynchttpclient.netty.channel.ChannelManager.closeChannel(ChannelManager.java:315)] - Closing Channel [id: 0xc79b0b91, L:/127.0.0.1:60979 ! R:localhost/127.0.0.1:60973] 
2023-01-03 17:54:08.443 DEBUG [AsyncHttpClient-1-2] [org.asynchttpclient.netty.handler.HttpHandler.handleHttpResponse(HttpHandler.java:70)] - 

Request DefaultFullHttpRequest(decodeResult: success, version: HTTP/1.1, content: EmptyByteBufBE)
DELETE /session/3e5c03f92df378ab1695539490635599 HTTP/1.1
User-Agent: selenium/4.7.0 (java windows)
Content-Type: application/json; charset=utf-8
host: localhost:19823
accept: */*

Response DefaultHttpResponse(decodeResult: success, version: HTTP/1.1)
HTTP/1.1 200 OK
Content-Type: application/json; charset=utf-8
cache-control: no-cache
content-length: 14

2023-01-03 17:54:08.443 DEBUG [AsyncHttpClient-1-2] [org.asynchttpclient.netty.channel.ChannelManager.tryToOfferChannelToPool(ChannelManager.java:270)] - Adding key: http://localhost:19823 for channel [id: 0x1e0f9261, L:/127.0.0.1:60972 - R:localhost/127.0.0.1:19823]
2023-01-03 17:54:08.424 DEBUG [AsyncHttpClient-1-3] [org.asynchttpclient.netty.handler.AsyncHttpClientHandler.exceptionCaught(AsyncHttpClientHandler.java:159)] - Unexpected I/O exception on channel [id: 0xf2e555c9, L:/127.0.0.1:60978 - R:localhost/127.0.0.1:60973]
java.net.SocketException: Connection reset
	at sun.nio.ch.SocketChannelImpl.throwConnectionReset(SocketChannelImpl.java:401) ~[?:?]
	at sun.nio.ch.SocketChannelImpl.read(SocketChannelImpl.java:434) ~[?:?]
	at io.netty.buffer.PooledByteBuf.setBytes(PooledByteBuf.java:259) ~[netty-buffer-4.1.84.Final.jar:4.1.84.Final]
	at io.netty.buffer.AbstractByteBuf.writeBytes(AbstractByteBuf.java:1132) ~[netty-buffer-4.1.84.Final.jar:4.1.84.Final]
	at io.netty.channel.socket.nio.NioSocketChannel.doReadBytes(NioSocketChannel.java:357) ~[netty-transport-4.1.84.Final.jar:4.1.84.Final]
	at io.netty.channel.nio.AbstractNioByteChannel$NioByteUnsafe.read(AbstractNioByteChannel.java:151) [netty-transport-4.1.84.Final.jar:4.1.84.Final]
	at io.netty.channel.nio.NioEventLoop.processSelectedKey(NioEventLoop.java:788) [netty-transport-4.1.84.Final.jar:4.1.84.Final]
	at io.netty.channel.nio.NioEventLoop.processSelectedKeysOptimized(NioEventLoop.java:724) [netty-transport-4.1.84.Final.jar:4.1.84.Final]
	at io.netty.channel.nio.NioEventLoop.processSelectedKeys(NioEventLoop.java:650) [netty-transport-4.1.84.Final.jar:4.1.84.Final]
	at io.netty.channel.nio.NioEventLoop.run(NioEventLoop.java:562) [netty-transport-4.1.84.Final.jar:4.1.84.Final]
	at io.netty.util.concurrent.SingleThreadEventExecutor$4.run(SingleThreadEventExecutor.java:997) [netty-common-4.1.84.Final.jar:4.1.84.Final]
	at io.netty.util.internal.ThreadExecutorMap$2.run(ThreadExecutorMap.java:74) [netty-common-4.1.84.Final.jar:4.1.84.Final]
	at io.netty.util.concurrent.FastThreadLocalRunnable.run(FastThreadLocalRunnable.java:30) [netty-common-4.1.84.Final.jar:4.1.84.Final]
	at java.lang.Thread.run(Thread.java:1589) [?:?]
2023-01-03 17:54:08.446 DEBUG [AsyncHttpClient-1-3] [org.asynchttpclient.netty.channel.ChannelManager.closeChannel(ChannelManager.java:315)] - Closing Channel [id: 0xf2e555c9, L:/127.0.0.1:60978 - R:localhost/127.0.0.1:60973] 
2023-01-03 17:54:08.447 DEBUG [AsyncHttpClient-1-3] [org.asynchttpclient.netty.handler.AsyncHttpClientHandler.channelInactive(AsyncHttpClientHandler.java:126)] - Channel Closed: [id: 0xf2e555c9, L:/127.0.0.1:60978 ! R:localhost/127.0.0.1:60973] with attribute DISCARD
2023-01-03 17:54:08.563 DEBUG [AsyncHttpClient-1-2] [org.asynchttpclient.netty.handler.AsyncHttpClientHandler.channelInactive(AsyncHttpClientHandler.java:126)] - Channel Closed: [id: 0x1e0f9261, L:/127.0.0.1:60972 ! R:localhost/127.0.0.1:19823] with attribute DISCARD
2023-01-03 17:54:08.622 DEBUG [main] [Regression.TestXpath.quit(TestXpath.java:40)] - Quit is successfull
2023-01-03 17:54:08.694 ERROR [main] [org.testng.log4testng.Logger.error(Logger.java:165)] - D:\eclipse-workspace\GeneralOne\target\surefire-reports\jquery-3.6.0.min.js
java.nio.file.FileAlreadyExistsException: D:\eclipse-workspace\GeneralOne\target\surefire-reports\jquery-3.6.0.min.js
	at sun.nio.fs.WindowsException.translateToIOException(WindowsException.java:87) ~[?:?]
	at sun.nio.fs.WindowsException.rethrowAsIOException(WindowsException.java:103) ~[?:?]
	at sun.nio.fs.WindowsException.rethrowAsIOException(WindowsException.java:108) ~[?:?]
	at sun.nio.fs.WindowsFileSystemProvider.newByteChannel(WindowsFileSystemProvider.java:236) ~[?:?]
	at java.nio.file.spi.FileSystemProvider.newOutputStream(FileSystemProvider.java:484) ~[?:?]
	at java.nio.file.Files.newOutputStream(Files.java:228) ~[?:?]
	at java.nio.file.Files.copy(Files.java:3159) ~[?:?]
	at org.testng.reporters.jq.Main.generateReport(Main.java:95) [testng-7.6.1.jar:7.6.1]
	at org.testng.TestNG.generateReports(TestNG.java:1134) [testng-7.6.1.jar:7.6.1]
	at org.testng.TestNG.run(TestNG.java:1072) [testng-7.6.1.jar:7.6.1]
	at org.apache.maven.surefire.testng.TestNGExecutor.run(TestNGExecutor.java:324) [surefire-testng-3.0.0-M7.jar:3.0.0-M7]
	at org.apache.maven.surefire.testng.TestNGXmlTestSuite.execute(TestNGXmlTestSuite.java:74) [surefire-testng-3.0.0-M7.jar:3.0.0-M7]
	at org.apache.maven.surefire.testng.TestNGProvider.invoke(TestNGProvider.java:123) [surefire-testng-3.0.0-M7.jar:3.0.0-M7]
	at org.apache.maven.surefire.booter.ForkedBooter.runSuitesInProcess(ForkedBooter.java:456) [surefire-booter-3.0.0-M7.jar:3.0.0-M7]
	at org.apache.maven.surefire.booter.ForkedBooter.execute(ForkedBooter.java:169) [surefire-booter-3.0.0-M7.jar:3.0.0-M7]
	at org.apache.maven.surefire.booter.ForkedBooter.run(ForkedBooter.java:595) [surefire-booter-3.0.0-M7.jar:3.0.0-M7]
	at org.apache.maven.surefire.booter.ForkedBooter.main(ForkedBooter.java:581) [surefire-booter-3.0.0-M7.jar:3.0.0-M7]
